<?xml version="1.0" encoding="UTF-8"?>
<coverage generated="1779570084703" clover="3.2.0">
  <project timestamp="1779570084704" name="All files">
    <metrics statements="368" coveredstatements="325" conditionals="199" coveredconditionals="137" methods="182" coveredmethods="145" elements="749" coveredelements="607" complexity="0" loc="368" ncloc="368" packages="12" files="40" classes="40"/>
    <package name="api">
      <metrics statements="57" coveredstatements="53" conditionals="12" coveredconditionals="10" methods="31" coveredmethods="29"/>
      <file name="auth.ts" path="/Users/kcdrez/Documents/garden-ai/frontend/src/api/auth.ts">
        <metrics statements="7" coveredstatements="7" conditionals="2" coveredconditionals="2" methods="3" coveredmethods="3"/>
        <line num="5" count="5" type="stmt"/>
        <line num="9" count="2" type="stmt"/>
        <line num="15" count="2" type="stmt"/>
        <line num="17" count="2" type="stmt"/>
        <line num="21" count="3" type="stmt"/>
        <line num="29" count="3" type="stmt"/>
        <line num="31" count="3" type="stmt"/>
      </file>
      <file name="beds.ts" path="/Users/kcdrez/Documents/garden-ai/frontend/src/api/beds.ts">
        <metrics statements="16" coveredstatements="14" conditionals="6" coveredconditionals="4" methods="9" coveredmethods="8"/>
        <line num="17" count="2" type="stmt"/>
        <line num="18" count="2" type="cond" truecount="2" falsecount="0"/>
        <line num="22" count="1" type="stmt"/>
        <line num="23" count="1" type="cond" truecount="1" falsecount="1"/>
        <line num="27" count="0" type="stmt"/>
        <line num="28" count="0" type="stmt"/>
        <line num="32" count="1" type="stmt"/>
        <line num="33" count="1" type="stmt"/>
        <line num="41" count="1" type="stmt"/>
        <line num="42" count="1" type="stmt"/>
        <line num="46" count="1" type="stmt"/>
        <line num="58" count="1" type="stmt"/>
        <line num="59" count="1" type="cond" truecount="1" falsecount="1"/>
        <line num="63" count="1" type="stmt"/>
        <line num="64" count="1" type="stmt"/>
        <line num="68" count="1" type="stmt"/>
      </file>
      <file name="gardens.ts" path="/Users/kcdrez/Documents/garden-ai/frontend/src/api/gardens.ts">
        <metrics statements="9" coveredstatements="9" conditionals="2" coveredconditionals="2" methods="5" coveredmethods="5"/>
        <line num="7" count="2" type="stmt"/>
        <line num="8" count="2" type="cond" truecount="2" falsecount="0"/>
        <line num="12" count="1" type="stmt"/>
        <line num="13" count="1" type="stmt"/>
        <line num="17" count="1" type="stmt"/>
        <line num="18" count="1" type="stmt"/>
        <line num="22" count="1" type="stmt"/>
        <line num="23" count="1" type="stmt"/>
        <line num="27" count="1" type="stmt"/>
      </file>
      <file name="plants.ts" path="/Users/kcdrez/Documents/garden-ai/frontend/src/api/plants.ts">
        <metrics statements="25" coveredstatements="23" conditionals="2" coveredconditionals="2" methods="14" coveredmethods="13"/>
        <line num="6" count="0" type="stmt"/>
        <line num="7" count="0" type="stmt"/>
        <line num="11" count="2" type="stmt"/>
        <line num="12" count="2" type="cond" truecount="2" falsecount="0"/>
        <line num="16" count="1" type="stmt"/>
        <line num="17" count="1" type="stmt"/>
        <line num="21" count="1" type="stmt"/>
        <line num="22" count="1" type="stmt"/>
        <line num="30" count="1" type="stmt"/>
        <line num="31" count="1" type="stmt"/>
        <line num="40" count="1" type="stmt"/>
        <line num="41" count="1" type="stmt"/>
        <line num="50" count="1" type="stmt"/>
        <line num="51" count="1" type="stmt"/>
        <line num="59" count="1" type="stmt"/>
        <line num="63" count="1" type="stmt"/>
        <line num="64" count="1" type="stmt"/>
        <line num="72" count="1" type="stmt"/>
        <line num="73" count="1" type="stmt"/>
        <line num="81" count="1" type="stmt"/>
        <line num="89" count="1" type="stmt"/>
        <line num="90" count="1" type="stmt"/>
        <line num="99" count="1" type="stmt"/>
        <line num="100" count="1" type="stmt"/>
        <line num="109" count="1" type="stmt"/>
      </file>
    </package>
    <package name="auth">
      <metrics statements="10" coveredstatements="10" conditionals="0" coveredconditionals="0" methods="5" coveredmethods="5"/>
      <file name="auth.ts" path="/Users/kcdrez/Documents/garden-ai/frontend/src/auth/auth.ts">
        <metrics statements="10" coveredstatements="10" conditionals="0" coveredconditionals="0" methods="5" coveredmethods="5"/>
        <line num="1" count="1" type="stmt"/>
        <line num="2" count="1" type="stmt"/>
        <line num="4" count="1" type="stmt"/>
        <line num="5" count="2" type="stmt"/>
        <line num="6" count="2" type="stmt"/>
        <line num="9" count="4" type="stmt"/>
        <line num="10" count="4" type="stmt"/>
        <line num="14" count="2" type="stmt"/>
        <line num="15" count="2" type="stmt"/>
        <line num="18" count="3" type="stmt"/>
      </file>
    </package>
    <package name="components.ui">
      <metrics statements="66" coveredstatements="46" conditionals="35" coveredconditionals="20" methods="39" coveredmethods="24"/>
      <file name="button.tsx" path="/Users/kcdrez/Documents/garden-ai/frontend/src/components/ui/button.tsx">
        <metrics statements="2" coveredstatements="2" conditionals="2" coveredconditionals="2" methods="1" coveredmethods="1"/>
        <line num="6" count="9" type="stmt"/>
        <line num="49" count="178" type="stmt"/>
      </file>
      <file name="card.tsx" path="/Users/kcdrez/Documents/garden-ai/frontend/src/components/ui/card.tsx">
        <metrics statements="7" coveredstatements="0" conditionals="1" coveredconditionals="0" methods="7" coveredmethods="0"/>
        <line num="10" count="0" type="stmt"/>
        <line num="24" count="0" type="stmt"/>
        <line num="37" count="0" type="stmt"/>
        <line num="50" count="0" type="stmt"/>
        <line num="60" count="0" type="stmt"/>
        <line num="73" count="0" type="stmt"/>
        <line num="83" count="0" type="stmt"/>
      </file>
      <file name="dialog.tsx" path="/Users/kcdrez/Documents/garden-ai/frontend/src/components/ui/dialog.tsx">
        <metrics statements="10" coveredstatements="9" conditionals="6" coveredconditionals="4" methods="10" coveredmethods="9"/>
        <line num="9" count="8" type="stmt"/>
        <line num="13" count="0" type="stmt"/>
        <line num="17" count="8" type="stmt"/>
        <line num="21" count="5" type="stmt"/>
        <line num="28" count="5" type="stmt"/>
        <line num="48" count="8" type="stmt"/>
        <line num="82" count="5" type="stmt"/>
        <line num="99" count="5" type="stmt"/>
        <line num="119" count="5" type="stmt"/>
        <line num="135" count="5" type="stmt"/>
      </file>
      <file name="form-fields.tsx" path="/Users/kcdrez/Documents/garden-ai/frontend/src/components/ui/form-fields.tsx">
        <metrics statements="11" coveredstatements="3" conditionals="9" coveredconditionals="0" methods="7" coveredmethods="2"/>
        <line num="24" count="240" type="stmt"/>
        <line num="29" count="410" type="stmt"/>
        <line num="50" count="0" type="stmt"/>
        <line num="55" count="0" type="stmt"/>
        <line num="67" count="2" type="stmt"/>
        <line num="95" count="0" type="stmt"/>
        <line num="100" count="0" type="stmt"/>
        <line num="107" count="0" type="cond" truecount="0" falsecount="2"/>
        <line num="108" count="0" type="cond" truecount="0" falsecount="2"/>
        <line num="110" count="0" type="stmt"/>
        <line num="112" count="0" type="stmt"/>
      </file>
      <file name="form-root-error.tsx" path="/Users/kcdrez/Documents/garden-ai/frontend/src/components/ui/form-root-error.tsx">
        <metrics statements="2" coveredstatements="2" conditionals="2" coveredconditionals="2" methods="1" coveredmethods="1"/>
        <line num="8" count="74" type="cond" truecount="2" falsecount="0"/>
        <line num="10" count="2" type="stmt"/>
      </file>
      <file name="form.tsx" path="/Users/kcdrez/Documents/garden-ai/frontend/src/components/ui/form.tsx">
        <metrics statements="26" coveredstatements="23" conditionals="8" coveredconditionals="6" methods="8" coveredmethods="7"/>
        <line num="31" count="74" type="stmt"/>
        <line num="47" count="2" type="stmt"/>
        <line num="49" count="2" type="stmt"/>
        <line num="55" count="240" type="stmt"/>
        <line num="62" count="2" type="stmt"/>
        <line num="63" count="1314" type="stmt"/>
        <line num="64" count="1314" type="stmt"/>
        <line num="65" count="1314" type="stmt"/>
        <line num="66" count="1314" type="stmt"/>
        <line num="67" count="1314" type="stmt"/>
        <line num="69" count="1314" type="cond" truecount="1" falsecount="1"/>
        <line num="70" count="0" type="stmt"/>
        <line num="73" count="1314" type="stmt"/>
        <line num="75" count="1314" type="stmt"/>
        <line num="89" count="2" type="stmt"/>
        <line num="92" count="410" type="stmt"/>
        <line num="94" count="410" type="stmt"/>
        <line num="102" count="438" type="stmt"/>
        <line num="104" count="438" type="stmt"/>
        <line num="115" count="438" type="stmt"/>
        <line num="117" count="438" type="stmt"/>
        <line num="128" count="0" type="stmt"/>
        <line num="130" count="0" type="stmt"/>
        <line num="140" count="438" type="stmt"/>
        <line num="141" count="438" type="cond" truecount="3" falsecount="1"/>
        <line num="143" count="438" type="stmt"/>
      </file>
      <file name="input.tsx" path="/Users/kcdrez/Documents/garden-ai/frontend/src/components/ui/input.tsx">
        <metrics statements="1" coveredstatements="1" conditionals="0" coveredconditionals="0" methods="1" coveredmethods="1"/>
        <line num="7" count="438" type="stmt"/>
      </file>
      <file name="label.tsx" path="/Users/kcdrez/Documents/garden-ai/frontend/src/components/ui/label.tsx">
        <metrics statements="1" coveredstatements="1" conditionals="0" coveredconditionals="0" methods="1" coveredmethods="1"/>
        <line num="7" count="438" type="stmt"/>
      </file>
      <file name="query-state.tsx" path="/Users/kcdrez/Documents/garden-ai/frontend/src/components/ui/query-state.tsx">
        <metrics statements="5" coveredstatements="5" conditionals="7" coveredconditionals="6" methods="2" coveredmethods="2"/>
        <line num="5" count="28" type="stmt"/>
        <line num="28" count="30" type="cond" truecount="2" falsecount="0"/>
        <line num="29" count="21" type="cond" truecount="1" falsecount="1"/>
        <line num="30" count="21" type="cond" truecount="2" falsecount="0"/>
        <line num="31" count="4" type="stmt"/>
      </file>
      <file name="textarea.tsx" path="/Users/kcdrez/Documents/garden-ai/frontend/src/components/ui/textarea.tsx">
        <metrics statements="1" coveredstatements="0" conditionals="0" coveredconditionals="0" methods="1" coveredmethods="0"/>
        <line num="5" count="0" type="stmt"/>
      </file>
    </package>
    <package name="hooks">
      <metrics statements="31" coveredstatements="31" conditionals="12" coveredconditionals="11" methods="11" coveredmethods="11"/>
      <file name="useConfirm.tsx" path="/Users/kcdrez/Documents/garden-ai/frontend/src/hooks/useConfirm.tsx">
        <metrics statements="18" coveredstatements="18" conditionals="8" coveredconditionals="7" methods="7" coveredmethods="7"/>
        <line num="21" count="1" type="stmt"/>
        <line num="24" count="8" type="stmt"/>
        <line num="25" count="8" type="stmt"/>
        <line num="26" count="8" type="stmt"/>
        <line num="28" count="8" type="stmt"/>
        <line num="29" count="3" type="stmt"/>
        <line num="30" count="3" type="stmt"/>
        <line num="31" count="3" type="stmt"/>
        <line num="32" count="3" type="stmt"/>
        <line num="37" count="2" type="stmt"/>
        <line num="38" count="2" type="stmt"/>
        <line num="39" count="2" type="stmt"/>
        <line num="42" count="8" type="stmt"/>
        <line num="45" count="1" type="cond" truecount="1" falsecount="1"/>
        <line num="55" count="1" type="stmt"/>
        <line num="66" count="5" type="stmt"/>
        <line num="67" count="5" type="cond" truecount="2" falsecount="0"/>
        <line num="68" count="3" type="stmt"/>
      </file>
      <file name="useDialogFormReset.ts" path="/Users/kcdrez/Documents/garden-ai/frontend/src/hooks/useDialogFormReset.ts">
        <metrics statements="6" coveredstatements="6" conditionals="2" coveredconditionals="2" methods="2" coveredmethods="2"/>
        <line num="9" count="8" type="stmt"/>
        <line num="10" count="8" type="stmt"/>
        <line num="12" count="8" type="stmt"/>
        <line num="13" count="8" type="stmt"/>
        <line num="15" count="8" type="stmt"/>
        <line num="16" count="8" type="cond" truecount="2" falsecount="0"/>
      </file>
      <file name="useTheme.ts" path="/Users/kcdrez/Documents/garden-ai/frontend/src/hooks/useTheme.ts">
        <metrics statements="7" coveredstatements="7" conditionals="2" coveredconditionals="2" methods="2" coveredmethods="2"/>
        <line num="3" count="1" type="stmt"/>
        <line num="6" count="6" type="stmt"/>
        <line num="11" count="2" type="stmt"/>
        <line num="12" count="2" type="stmt"/>
        <line num="13" count="2" type="cond" truecount="2" falsecount="0"/>
        <line num="14" count="2" type="stmt"/>
        <line num="17" count="6" type="stmt"/>
      </file>
    </package>
    <package name="lib">
      <metrics statements="62" coveredstatements="50" conditionals="60" coveredconditionals="45" methods="30" coveredmethods="21"/>
      <file name="beds.ts" path="/Users/kcdrez/Documents/garden-ai/frontend/src/lib/beds.ts">
        <metrics statements="19" coveredstatements="11" conditionals="22" coveredconditionals="9" methods="9" coveredmethods="4"/>
        <line num="6" count="7" type="stmt"/>
        <line num="7" count="7" type="stmt"/>
        <line num="8" count="3" type="cond" truecount="2" falsecount="0"/>
        <line num="9" count="2" type="stmt"/>
        <line num="11" count="3" type="stmt"/>
        <line num="13" count="7" type="stmt"/>
        <line num="21" count="7" type="stmt"/>
        <line num="22" count="7" type="cond" truecount="1" falsecount="1"/>
        <line num="23" count="7" type="stmt"/>
        <line num="27" count="0" type="cond" truecount="0" falsecount="2"/>
        <line num="31" count="7" type="cond" truecount="5" falsecount="0"/>
        <line num="34" count="2" type="stmt"/>
        <line num="42" count="0" type="cond" truecount="0" falsecount="2"/>
        <line num="43" count="0" type="stmt"/>
        <line num="50" count="0" type="cond" truecount="0" falsecount="4"/>
        <line num="51" count="0" type="cond" truecount="0" falsecount="2"/>
        <line num="52" count="0" type="stmt"/>
        <line num="59" count="0" type="cond" truecount="0" falsecount="2"/>
        <line num="60" count="0" type="stmt"/>
      </file>
      <file name="dates.ts" path="/Users/kcdrez/Documents/garden-ai/frontend/src/lib/dates.ts">
        <metrics statements="4" coveredstatements="4" conditionals="3" coveredconditionals="3" methods="3" coveredmethods="3"/>
        <line num="2" count="2" type="stmt"/>
        <line num="3" count="2" type="stmt"/>
        <line num="7" count="2" type="stmt"/>
        <line num="15" count="3" type="stmt"/>
      </file>
      <file name="errors.ts" path="/Users/kcdrez/Documents/garden-ai/frontend/src/lib/errors.ts">
        <metrics statements="23" coveredstatements="23" conditionals="30" coveredconditionals="28" methods="5" coveredmethods="5"/>
        <line num="7" count="13" type="cond" truecount="2" falsecount="0"/>
        <line num="8" count="9" type="stmt"/>
        <line num="9" count="9" type="cond" truecount="2" falsecount="0"/>
        <line num="10" count="8" type="cond" truecount="2" falsecount="0"/>
        <line num="11" count="4" type="cond" truecount="2" falsecount="0"/>
        <line num="12" count="3" type="cond" truecount="1" falsecount="1"/>
        <line num="13" count="3" type="stmt"/>
        <line num="16" count="3" type="cond" truecount="1" falsecount="1"/>
        <line num="20" count="5" type="cond" truecount="2" falsecount="0"/>
        <line num="21" count="4" type="cond" truecount="2" falsecount="0"/>
        <line num="22" count="3" type="stmt"/>
        <line num="26" count="9" type="cond" truecount="2" falsecount="0"/>
        <line num="27" count="8" type="stmt"/>
        <line num="28" count="8" type="cond" truecount="6" falsecount="0"/>
        <line num="29" count="3" type="stmt"/>
        <line num="32" count="6" type="stmt"/>
        <line num="40" count="5" type="stmt"/>
        <line num="41" count="5" type="cond" truecount="2" falsecount="0"/>
        <line num="42" count="2" type="stmt"/>
        <line num="43" count="4" type="cond" truecount="2" falsecount="0"/>
        <line num="45" count="3" type="cond" truecount="2" falsecount="0"/>
        <line num="46" count="1" type="stmt"/>
        <line num="49" count="3" type="stmt"/>
      </file>
      <file name="routes.ts" path="/Users/kcdrez/Documents/garden-ai/frontend/src/lib/routes.ts">
        <metrics statements="10" coveredstatements="6" conditionals="0" coveredconditionals="0" methods="9" coveredmethods="5"/>
        <line num="1" count="6" type="stmt"/>
        <line num="2" count="0" type="stmt"/>
        <line num="3" count="46" type="stmt"/>
        <line num="4" count="28" type="stmt"/>
        <line num="5" count="15" type="stmt"/>
        <line num="6" count="21" type="stmt"/>
        <line num="7" count="0" type="stmt"/>
        <line num="8" count="12" type="stmt"/>
        <line num="9" count="0" type="stmt"/>
        <line num="10" count="0" type="stmt"/>
      </file>
      <file name="utils.ts" path="/Users/kcdrez/Documents/garden-ai/frontend/src/lib/utils.ts">
        <metrics statements="2" coveredstatements="2" conditionals="0" coveredconditionals="0" methods="2" coveredmethods="2"/>
        <line num="6" count="2453" type="stmt"/>
        <line num="10" count="3" type="stmt"/>
      </file>
      <file name="zod.ts" path="/Users/kcdrez/Documents/garden-ai/frontend/src/lib/zod.ts">
        <metrics statements="4" coveredstatements="4" conditionals="5" coveredconditionals="5" methods="2" coveredmethods="2"/>
        <line num="3" count="3" type="stmt"/>
        <line num="6" count="31" type="cond" truecount="2" falsecount="0"/>
        <line num="8" count="3" type="stmt"/>
        <line num="10" count="26" type="cond" truecount="3" falsecount="0"/>
      </file>
    </package>
    <package name="pages.auth">
      <metrics statements="16" coveredstatements="16" conditionals="6" coveredconditionals="6" methods="4" coveredmethods="4"/>
      <file name="Login.tsx" path="/Users/kcdrez/Documents/garden-ai/frontend/src/pages/auth/Login.tsx">
        <metrics statements="8" coveredstatements="8" conditionals="2" coveredconditionals="2" methods="2" coveredmethods="2"/>
        <line num="14" count="28" type="stmt"/>
        <line num="15" count="28" type="stmt"/>
        <line num="21" count="28" type="stmt"/>
        <line num="22" count="3" type="stmt"/>
        <line num="23" count="3" type="stmt"/>
        <line num="24" count="2" type="stmt"/>
        <line num="26" count="1" type="stmt"/>
        <line num="30" count="28" type="stmt"/>
      </file>
      <file name="Register.tsx" path="/Users/kcdrez/Documents/garden-ai/frontend/src/pages/auth/Register.tsx">
        <metrics statements="8" coveredstatements="8" conditionals="4" coveredconditionals="4" methods="2" coveredmethods="2"/>
        <line num="14" count="46" type="stmt"/>
        <line num="15" count="46" type="stmt"/>
        <line num="21" count="46" type="stmt"/>
        <line num="22" count="3" type="stmt"/>
        <line num="23" count="3" type="cond" truecount="2" falsecount="0"/>
        <line num="24" count="2" type="stmt"/>
        <line num="26" count="1" type="stmt"/>
        <line num="30" count="46" type="stmt"/>
      </file>
    </package>
    <package name="pages.beds">
      <metrics statements="32" coveredstatements="30" conditionals="18" coveredconditionals="10" methods="19" coveredmethods="15"/>
      <file name="AllBeds.tsx" path="/Users/kcdrez/Documents/garden-ai/frontend/src/pages/beds/AllBeds.tsx">
        <metrics statements="7" coveredstatements="7" conditionals="1" coveredconditionals="1" methods="4" coveredmethods="4"/>
        <line num="14" count="7" type="stmt"/>
        <line num="16" count="7" type="cond" truecount="1" falsecount="0"/>
        <line num="21" count="7" type="stmt"/>
        <line num="23" count="7" type="stmt"/>
        <line num="27" count="1" type="stmt"/>
        <line num="41" count="2" type="stmt"/>
        <line num="55" count="3" type="stmt"/>
      </file>
      <file name="BedDetail.tsx" path="/Users/kcdrez/Documents/garden-ai/frontend/src/pages/beds/BedDetail.tsx">
        <metrics statements="25" coveredstatements="23" conditionals="17" coveredconditionals="9" methods="15" coveredmethods="11"/>
        <line num="21" count="12" type="stmt"/>
        <line num="22" count="12" type="stmt"/>
        <line num="23" count="12" type="stmt"/>
        <line num="24" count="12" type="stmt"/>
        <line num="29" count="12" type="stmt"/>
        <line num="32" count="7" type="stmt"/>
        <line num="34" count="11" type="stmt"/>
        <line num="36" count="20" type="stmt"/>
        <line num="37" count="20" type="stmt"/>
        <line num="40" count="0" type="cond" truecount="0" falsecount="2"/>
        <line num="46" count="12" type="stmt"/>
        <line num="49" count="5" type="stmt"/>
        <line num="52" count="20" type="stmt"/>
        <line num="53" count="20" type="stmt"/>
        <line num="56" count="0" type="cond" truecount="0" falsecount="2"/>
        <line num="59" count="12" type="stmt"/>
        <line num="60" count="2" type="stmt"/>
        <line num="62" count="2" type="stmt"/>
        <line num="63" count="2" type="stmt"/>
        <line num="67" count="12" type="cond" truecount="2" falsecount="0"/>
        <line num="68" count="7" type="cond" truecount="1" falsecount="1"/>
        <line num="69" count="7" type="cond" truecount="1" falsecount="1"/>
        <line num="71" count="7" type="stmt"/>
        <line num="88" count="1" type="stmt"/>
        <line num="96" count="2" type="stmt"/>
      </file>
    </package>
    <package name="pages.gardens">
      <metrics statements="33" coveredstatements="30" conditionals="19" coveredconditionals="11" methods="18" coveredmethods="13"/>
      <file name="AllGardens.tsx" path="/Users/kcdrez/Documents/garden-ai/frontend/src/pages/gardens/AllGardens.tsx">
        <metrics statements="5" coveredstatements="5" conditionals="1" coveredconditionals="1" methods="3" coveredmethods="3"/>
        <line num="11" count="7" type="stmt"/>
        <line num="13" count="7" type="cond" truecount="1" falsecount="0"/>
        <line num="18" count="7" type="stmt"/>
        <line num="22" count="1" type="stmt"/>
        <line num="31" count="2" type="stmt"/>
      </file>
      <file name="GardenDetail.tsx" path="/Users/kcdrez/Documents/garden-ai/frontend/src/pages/gardens/GardenDetail.tsx">
        <metrics statements="28" coveredstatements="25" conditionals="18" coveredconditionals="10" methods="15" coveredmethods="10"/>
        <line num="19" count="16" type="stmt"/>
        <line num="20" count="16" type="stmt"/>
        <line num="21" count="16" type="stmt"/>
        <line num="22" count="16" type="stmt"/>
        <line num="23" count="16" type="stmt"/>
        <line num="24" count="16" type="stmt"/>
        <line num="26" count="16" type="stmt"/>
        <line num="27" count="2" type="stmt"/>
        <line num="29" count="2" type="stmt"/>
        <line num="30" count="2" type="stmt"/>
        <line num="35" count="3" type="stmt"/>
        <line num="39" count="3" type="cond" truecount="2" falsecount="0"/>
        <line num="45" count="16" type="stmt"/>
        <line num="48" count="9" type="stmt"/>
        <line num="51" count="28" type="stmt"/>
        <line num="53" count="0" type="cond" truecount="0" falsecount="2"/>
        <line num="59" count="16" type="stmt"/>
        <line num="62" count="7" type="stmt"/>
        <line num="65" count="28" type="stmt"/>
        <line num="66" count="28" type="stmt"/>
        <line num="69" count="0" type="cond" truecount="0" falsecount="2"/>
        <line num="72" count="16" type="cond" truecount="2" falsecount="0"/>
        <line num="73" count="9" type="cond" truecount="1" falsecount="1"/>
        <line num="74" count="9" type="cond" truecount="1" falsecount="1"/>
        <line num="76" count="9" type="stmt"/>
        <line num="94" count="1" type="stmt"/>
        <line num="113" count="0" type="stmt"/>
        <line num="122" count="1" type="stmt"/>
      </file>
    </package>
    <package name="pages.plants">
      <metrics statements="29" coveredstatements="28" conditionals="26" coveredconditionals="14" methods="14" coveredmethods="12"/>
      <file name="AllPlants.tsx" path="/Users/kcdrez/Documents/garden-ai/frontend/src/pages/plants/AllPlants.tsx">
        <metrics statements="5" coveredstatements="5" conditionals="1" coveredconditionals="1" methods="3" coveredmethods="3"/>
        <line num="11" count="7" type="stmt"/>
        <line num="13" count="7" type="cond" truecount="1" falsecount="0"/>
        <line num="18" count="7" type="stmt"/>
        <line num="22" count="1" type="stmt"/>
        <line num="36" count="2" type="stmt"/>
      </file>
      <file name="PlantDetail.tsx" path="/Users/kcdrez/Documents/garden-ai/frontend/src/pages/plants/PlantDetail.tsx">
        <metrics statements="24" coveredstatements="23" conditionals="25" coveredconditionals="13" methods="11" coveredmethods="9"/>
        <line num="20" count="17" type="stmt"/>
        <line num="21" count="17" type="stmt"/>
        <line num="22" count="17" type="stmt"/>
        <line num="23" count="17" type="stmt"/>
        <line num="24" count="17" type="stmt"/>
        <line num="25" count="17" type="stmt"/>
        <line num="27" count="17" type="stmt"/>
        <line num="29" count="9" type="stmt"/>
        <line num="32" count="28" type="stmt"/>
        <line num="33" count="28" type="stmt"/>
        <line num="36" count="0" type="cond" truecount="0" falsecount="2"/>
        <line num="39" count="17" type="stmt"/>
        <line num="40" count="2" type="stmt"/>
        <line num="42" count="2" type="stmt"/>
        <line num="43" count="2" type="stmt"/>
        <line num="48" count="3" type="stmt"/>
        <line num="52" count="3" type="cond" truecount="2" falsecount="0"/>
        <line num="55" count="17" type="cond" truecount="2" falsecount="0"/>
        <line num="56" count="10" type="cond" truecount="1" falsecount="1"/>
        <line num="57" count="10" type="cond" truecount="1" falsecount="1"/>
        <line num="59" count="10" type="stmt"/>
        <line num="61" count="17" type="stmt"/>
        <line num="90" count="1" type="stmt"/>
        <line num="93" count="1" type="stmt"/>
      </file>
    </package>
    <package name="schemas">
      <metrics statements="20" coveredstatements="19" conditionals="11" coveredconditionals="10" methods="8" coveredmethods="8"/>
      <file name="auth.ts" path="/Users/kcdrez/Documents/garden-ai/frontend/src/schemas/auth.ts">
        <metrics statements="3" coveredstatements="3" conditionals="0" coveredconditionals="0" methods="1" coveredmethods="1"/>
        <line num="3" count="3" type="stmt"/>
        <line num="10" count="3" type="stmt"/>
        <line num="17" count="141" type="stmt"/>
      </file>
      <file name="beds.ts" path="/Users/kcdrez/Documents/garden-ai/frontend/src/schemas/beds.ts">
        <metrics statements="7" coveredstatements="7" conditionals="3" coveredconditionals="3" methods="3" coveredmethods="3"/>
        <line num="5" count="4" type="stmt"/>
        <line num="6" count="8" type="stmt"/>
        <line num="8" count="1" type="stmt"/>
        <line num="9" count="1" type="stmt"/>
        <line num="12" count="10" type="cond" truecount="3" falsecount="0"/>
        <line num="16" count="1" type="stmt"/>
        <line num="31" count="1" type="stmt"/>
      </file>
      <file name="gardens.ts" path="/Users/kcdrez/Documents/garden-ai/frontend/src/schemas/gardens.ts">
        <metrics statements="2" coveredstatements="2" conditionals="0" coveredconditionals="0" methods="1" coveredmethods="1"/>
        <line num="5" count="4" type="stmt"/>
        <line num="7" count="1" type="stmt"/>
      </file>
      <file name="plants.ts" path="/Users/kcdrez/Documents/garden-ai/frontend/src/schemas/plants.ts">
        <metrics statements="8" coveredstatements="7" conditionals="8" coveredconditionals="7" methods="3" coveredmethods="3"/>
        <line num="5" count="6" type="stmt"/>
        <line num="6" count="6" type="stmt"/>
        <line num="8" count="1" type="stmt"/>
        <line num="20" count="1" type="stmt"/>
        <line num="26" count="4" type="cond" truecount="3" falsecount="1"/>
        <line num="27" count="0" type="stmt"/>
        <line num="29" count="4" type="cond" truecount="4" falsecount="0"/>
        <line num="30" count="1" type="stmt"/>
      </file>
    </package>
    <package name="test">
      <metrics statements="7" coveredstatements="7" conditionals="0" coveredconditionals="0" methods="3" coveredmethods="3"/>
      <file name="fixtures.ts" path="/Users/kcdrez/Documents/garden-ai/frontend/src/test/fixtures.ts">
        <metrics statements="4" coveredstatements="4" conditionals="0" coveredconditionals="0" methods="0" coveredmethods="0"/>
        <line num="4" count="6" type="stmt"/>
        <line num="17" count="6" type="stmt"/>
        <line num="35" count="6" type="stmt"/>
        <line num="53" count="6" type="stmt"/>
      </file>
      <file name="test-utils.tsx" path="/Users/kcdrez/Documents/garden-ai/frontend/src/test/test-utils.tsx">
        <metrics statements="3" coveredstatements="3" conditionals="0" coveredconditionals="0" methods="3" coveredmethods="3"/>
        <line num="7" count="48" type="stmt"/>
        <line num="16" count="49" type="stmt"/>
        <line num="24" count="47" type="stmt"/>
      </file>
    </package>
    <package name="types">
      <metrics statements="5" coveredstatements="5" conditionals="0" coveredconditionals="0" methods="0" coveredmethods="0"/>
      <file name="gardens.ts" path="/Users/kcdrez/Documents/garden-ai/frontend/src/types/gardens.ts">
        <metrics statements="2" coveredstatements="2" conditionals="0" coveredconditionals="0" methods="0" coveredmethods="0"/>
        <line num="14" count="4" type="stmt"/>
        <line num="23" count="4" type="stmt"/>
      </file>
      <file name="plants.ts" path="/Users/kcdrez/Documents/garden-ai/frontend/src/types/plants.ts">
        <metrics statements="3" coveredstatements="3" conditionals="0" coveredconditionals="0" methods="0" coveredmethods="0"/>
        <line num="65" count="2" type="stmt"/>
        <line num="73" count="2" type="stmt"/>
        <line num="82" count="2" type="stmt"/>
      </file>
    </package>
  </project>
</coverage>
