{"/Users/kcdrez/Documents/garden-ai/frontend/src/api/auth.ts": {"path":"/Users/kcdrez/Documents/garden-ai/frontend/src/api/auth.ts","statementMap":{"0":{"start":{"line":5,"column":2},"end":{"line":5,"column":null}},"1":{"start":{"line":9,"column":14},"end":{"line":13,"column":4}},"2":{"start":{"line":15,"column":2},"end":{"line":15,"column":null}},"3":{"start":{"line":17,"column":2},"end":{"line":17,"column":null}},"4":{"start":{"line":21,"column":14},"end":{"line":27,"column":4}},"5":{"start":{"line":29,"column":2},"end":{"line":29,"column":null}},"6":{"start":{"line":31,"column":2},"end":{"line":31,"column":null}}},"fnMap":{"0":{"name":"browserTimezone","decl":{"start":{"line":4,"column":9},"end":{"line":4,"column":35}},"loc":{"start":{"line":4,"column":35},"end":{"line":5,"column":null}},"line":4},"1":{"name":"login","decl":{"start":{"line":8,"column":22},"end":{"line":8,"column":28}},"loc":{"start":{"line":8,"column":64},"end":{"line":17,"column":null}},"line":8},"2":{"name":"register","decl":{"start":{"line":20,"column":22},"end":{"line":20,"column":31}},"loc":{"start":{"line":20,"column":109},"end":{"line":31,"column":null}},"line":20}},"branchMap":{"0":{"loc":{"start":{"line":25,"column":11},"end":{"line":25,"column":null}},"type":"binary-expr","locations":[{"start":{"line":25,"column":11},"end":{"line":25,"column":20}},{"start":{"line":25,"column":20},"end":{"line":25,"column":null}}],"line":25}},"s":{"0":5,"1":2,"2":2,"3":2,"4":3,"5":3,"6":3},"f":{"0":5,"1":2,"2":3},"b":{"0":[3,2]},"meta":{"lastBranch":1,"lastFunction":3,"lastStatement":7,"seen":{"f:4:9:4:35":0,"s:5:2:5:Infinity":0,"f:8:22:8:28":1,"s:9:14:13:4":1,"s:15:2:15:Infinity":2,"s:17:2:17:Infinity":3,"f:20:22:20:31":2,"s:21:14:27:4":4,"b:25:11:25:20:25:20:25:Infinity":0,"s:29:2:29:Infinity":5,"s:31:2:31:Infinity":6}}}
,"/Users/kcdrez/Documents/garden-ai/frontend/src/api/beds.ts": {"path":"/Users/kcdrez/Documents/garden-ai/frontend/src/api/beds.ts","statementMap":{"0":{"start":{"line":17,"column":14},"end":{"line":17,"column":37}},"1":{"start":{"line":18,"column":2},"end":{"line":18,"column":null}},"2":{"start":{"line":22,"column":14},"end":{"line":22,"column":57}},"3":{"start":{"line":23,"column":2},"end":{"line":23,"column":null}},"4":{"start":{"line":27,"column":14},"end":{"line":27,"column":66}},"5":{"start":{"line":28,"column":2},"end":{"line":28,"column":null}},"6":{"start":{"line":32,"column":14},"end":{"line":32,"column":64}},"7":{"start":{"line":33,"column":2},"end":{"line":33,"column":null}},"8":{"start":{"line":41,"column":14},"end":{"line":41,"column":74}},"9":{"start":{"line":42,"column":2},"end":{"line":42,"column":null}},"10":{"start":{"line":46,"column":2},"end":{"line":46,"column":null}},"11":{"start":{"line":58,"column":14},"end":{"line":58,"column":67}},"12":{"start":{"line":59,"column":2},"end":{"line":59,"column":null}},"13":{"start":{"line":63,"column":14},"end":{"line":63,"column":74}},"14":{"start":{"line":64,"column":2},"end":{"line":64,"column":null}},"15":{"start":{"line":68,"column":2},"end":{"line":68,"column":null}}},"fnMap":{"0":{"name":"fetchAllBeds","decl":{"start":{"line":16,"column":22},"end":{"line":16,"column":59}},"loc":{"start":{"line":16,"column":59},"end":{"line":18,"column":null}},"line":16},"1":{"name":"fetchBeds","decl":{"start":{"line":21,"column":22},"end":{"line":21,"column":32}},"loc":{"start":{"line":21,"column":72},"end":{"line":23,"column":null}},"line":21},"2":{"name":"fetchBed","decl":{"start":{"line":26,"column":22},"end":{"line":26,"column":31}},"loc":{"start":{"line":26,"column":84},"end":{"line":28,"column":null}},"line":26},"3":{"name":"createBed","decl":{"start":{"line":31,"column":22},"end":{"line":31,"column":32}},"loc":{"start":{"line":31,"column":88},"end":{"line":33,"column":null}},"line":31},"4":{"name":"updateBed","decl":{"start":{"line":36,"column":22},"end":{"line":36,"column":null}},"loc":{"start":{"line":40,"column":22},"end":{"line":42,"column":null}},"line":40},"5":{"name":"deleteBed","decl":{"start":{"line":45,"column":22},"end":{"line":45,"column":32}},"loc":{"start":{"line":45,"column":80},"end":{"line":46,"column":null}},"line":45},"6":{"name":"fetchBedPlacements","decl":{"start":{"line":57,"column":22},"end":{"line":57,"column":41}},"loc":{"start":{"line":57,"column":84},"end":{"line":59,"column":null}},"line":57},"7":{"name":"createBedPlacement","decl":{"start":{"line":62,"column":22},"end":{"line":62,"column":41}},"loc":{"start":{"line":62,"column":109},"end":{"line":64,"column":null}},"line":62},"8":{"name":"deleteBedPlacement","decl":{"start":{"line":67,"column":22},"end":{"line":67,"column":41}},"loc":{"start":{"line":67,"column":95},"end":{"line":68,"column":null}},"line":67}},"branchMap":{"0":{"loc":{"start":{"line":18,"column":9},"end":{"line":18,"column":23}},"type":"binary-expr","locations":[{"start":{"line":18,"column":9},"end":{"line":18,"column":21}},{"start":{"line":18,"column":21},"end":{"line":18,"column":23}}],"line":18},"1":{"loc":{"start":{"line":23,"column":9},"end":{"line":23,"column":23}},"type":"binary-expr","locations":[{"start":{"line":23,"column":9},"end":{"line":23,"column":21}},{"start":{"line":23,"column":21},"end":{"line":23,"column":23}}],"line":23},"2":{"loc":{"start":{"line":59,"column":9},"end":{"line":59,"column":23}},"type":"binary-expr","locations":[{"start":{"line":59,"column":9},"end":{"line":59,"column":21}},{"start":{"line":59,"column":21},"end":{"line":59,"column":23}}],"line":59}},"s":{"0":2,"1":2,"2":1,"3":1,"4":0,"5":0,"6":1,"7":1,"8":1,"9":1,"10":1,"11":1,"12":1,"13":1,"14":1,"15":1},"f":{"0":2,"1":1,"2":0,"3":1,"4":1,"5":1,"6":1,"7":1,"8":1},"b":{"0":[2,1],"1":[1,0],"2":[1,0]},"meta":{"lastBranch":3,"lastFunction":9,"lastStatement":16,"seen":{"f:16:22:16:59":0,"s:17:14:17:37":0,"s:18:2:18:Infinity":1,"b:18:9:18:21:18:21:18:23":0,"f:21:22:21:32":1,"s:22:14:22:57":2,"s:23:2:23:Infinity":3,"b:23:9:23:21:23:21:23:23":1,"f:26:22:26:31":2,"s:27:14:27:66":4,"s:28:2:28:Infinity":5,"f:31:22:31:32":3,"s:32:14:32:64":6,"s:33:2:33:Infinity":7,"f:36:22:36:Infinity":4,"s:41:14:41:74":8,"s:42:2:42:Infinity":9,"f:45:22:45:32":5,"s:46:2:46:Infinity":10,"f:57:22:57:41":6,"s:58:14:58:67":11,"s:59:2:59:Infinity":12,"b:59:9:59:21:59:21:59:23":2,"f:62:22:62:41":7,"s:63:14:63:74":13,"s:64:2:64:Infinity":14,"f:67:22:67:41":8,"s:68:2:68:Infinity":15}}}
,"/Users/kcdrez/Documents/garden-ai/frontend/src/api/gardens.ts": {"path":"/Users/kcdrez/Documents/garden-ai/frontend/src/api/gardens.ts","statementMap":{"0":{"start":{"line":7,"column":14},"end":{"line":7,"column":40}},"1":{"start":{"line":8,"column":2},"end":{"line":8,"column":null}},"2":{"start":{"line":12,"column":14},"end":{"line":12,"column":46}},"3":{"start":{"line":13,"column":2},"end":{"line":13,"column":null}},"4":{"start":{"line":17,"column":14},"end":{"line":17,"column":47}},"5":{"start":{"line":18,"column":2},"end":{"line":18,"column":null}},"6":{"start":{"line":22,"column":14},"end":{"line":22,"column":54}},"7":{"start":{"line":23,"column":2},"end":{"line":23,"column":null}},"8":{"start":{"line":27,"column":2},"end":{"line":27,"column":null}}},"fnMap":{"0":{"name":"fetchGardens","decl":{"start":{"line":6,"column":22},"end":{"line":6,"column":56}},"loc":{"start":{"line":6,"column":56},"end":{"line":8,"column":null}},"line":6},"1":{"name":"fetchGarden","decl":{"start":{"line":11,"column":22},"end":{"line":11,"column":34}},"loc":{"start":{"line":11,"column":63},"end":{"line":13,"column":null}},"line":11},"2":{"name":"createGarden","decl":{"start":{"line":16,"column":22},"end":{"line":16,"column":35}},"loc":{"start":{"line":16,"column":73},"end":{"line":18,"column":null}},"line":16},"3":{"name":"updateGarden","decl":{"start":{"line":21,"column":22},"end":{"line":21,"column":35}},"loc":{"start":{"line":21,"column":85},"end":{"line":23,"column":null}},"line":21},"4":{"name":"deleteGarden","decl":{"start":{"line":26,"column":22},"end":{"line":26,"column":35}},"loc":{"start":{"line":26,"column":62},"end":{"line":27,"column":null}},"line":26}},"branchMap":{"0":{"loc":{"start":{"line":8,"column":9},"end":{"line":8,"column":23}},"type":"binary-expr","locations":[{"start":{"line":8,"column":9},"end":{"line":8,"column":21}},{"start":{"line":8,"column":21},"end":{"line":8,"column":23}}],"line":8}},"s":{"0":2,"1":2,"2":1,"3":1,"4":1,"5":1,"6":1,"7":1,"8":1},"f":{"0":2,"1":1,"2":1,"3":1,"4":1},"b":{"0":[2,1]},"meta":{"lastBranch":1,"lastFunction":5,"lastStatement":9,"seen":{"f:6:22:6:56":0,"s:7:14:7:40":0,"s:8:2:8:Infinity":1,"b:8:9:8:21:8:21:8:23":0,"f:11:22:11:34":1,"s:12:14:12:46":2,"s:13:2:13:Infinity":3,"f:16:22:16:35":2,"s:17:14:17:47":4,"s:18:2:18:Infinity":5,"f:21:22:21:35":3,"s:22:14:22:54":6,"s:23:2:23:Infinity":7,"f:26:22:26:35":4,"s:27:2:27:Infinity":8}}}
,"/Users/kcdrez/Documents/garden-ai/frontend/src/api/plants.ts": {"path":"/Users/kcdrez/Documents/garden-ai/frontend/src/api/plants.ts","statementMap":{"0":{"start":{"line":6,"column":14},"end":{"line":6,"column":39}},"1":{"start":{"line":7,"column":2},"end":{"line":7,"column":null}},"2":{"start":{"line":11,"column":14},"end":{"line":11,"column":43}},"3":{"start":{"line":12,"column":2},"end":{"line":12,"column":null}},"4":{"start":{"line":16,"column":14},"end":{"line":16,"column":54}},"5":{"start":{"line":17,"column":2},"end":{"line":17,"column":null}},"6":{"start":{"line":21,"column":14},"end":{"line":21,"column":73}},"7":{"start":{"line":22,"column":2},"end":{"line":22,"column":null}},"8":{"start":{"line":30,"column":14},"end":{"line":30,"column":80}},"9":{"start":{"line":31,"column":2},"end":{"line":31,"column":null}},"10":{"start":{"line":40,"column":14},"end":{"line":40,"column":92}},"11":{"start":{"line":41,"column":2},"end":{"line":41,"column":null}},"12":{"start":{"line":50,"column":14},"end":{"line":50,"column":108}},"13":{"start":{"line":51,"column":2},"end":{"line":51,"column":null}},"14":{"start":{"line":59,"column":2},"end":{"line":59,"column":null}},"15":{"start":{"line":63,"column":14},"end":{"line":63,"column":77}},"16":{"start":{"line":64,"column":2},"end":{"line":64,"column":null}},"17":{"start":{"line":72,"column":14},"end":{"line":72,"column":84}},"18":{"start":{"line":73,"column":2},"end":{"line":73,"column":null}},"19":{"start":{"line":81,"column":2},"end":{"line":81,"column":null}},"20":{"start":{"line":89,"column":14},"end":{"line":89,"column":97}},"21":{"start":{"line":90,"column":2},"end":{"line":90,"column":null}},"22":{"start":{"line":99,"column":14},"end":{"line":99,"column":104}},"23":{"start":{"line":100,"column":2},"end":{"line":100,"column":null}},"24":{"start":{"line":109,"column":2},"end":{"line":109,"column":null}}},"fnMap":{"0":{"name":"fetchPlants","decl":{"start":{"line":5,"column":22},"end":{"line":5,"column":54}},"loc":{"start":{"line":5,"column":54},"end":{"line":7,"column":null}},"line":5},"1":{"name":"fetchAllUserPlants","decl":{"start":{"line":10,"column":22},"end":{"line":10,"column":65}},"loc":{"start":{"line":10,"column":65},"end":{"line":12,"column":null}},"line":10},"2":{"name":"fetchUserPlant","decl":{"start":{"line":15,"column":22},"end":{"line":15,"column":37}},"loc":{"start":{"line":15,"column":74},"end":{"line":17,"column":null}},"line":15},"3":{"name":"fetchUserPlants","decl":{"start":{"line":20,"column":22},"end":{"line":20,"column":38}},"loc":{"start":{"line":20,"column":93},"end":{"line":22,"column":null}},"line":20},"4":{"name":"createUserPlant","decl":{"start":{"line":25,"column":22},"end":{"line":25,"column":null}},"loc":{"start":{"line":29,"column":22},"end":{"line":31,"column":null}},"line":29},"5":{"name":"updateUserPlant","decl":{"start":{"line":34,"column":22},"end":{"line":34,"column":null}},"loc":{"start":{"line":39,"column":22},"end":{"line":41,"column":null}},"line":39},"6":{"name":"moveUserPlant","decl":{"start":{"line":44,"column":22},"end":{"line":44,"column":null}},"loc":{"start":{"line":49,"column":22},"end":{"line":51,"column":null}},"line":49},"7":{"name":"deleteUserPlant","decl":{"start":{"line":54,"column":22},"end":{"line":54,"column":null}},"loc":{"start":{"line":58,"column":17},"end":{"line":59,"column":null}},"line":58},"8":{"name":"fetchPlacements","decl":{"start":{"line":62,"column":22},"end":{"line":62,"column":38}},"loc":{"start":{"line":62,"column":98},"end":{"line":64,"column":null}},"line":62},"9":{"name":"createPlacement","decl":{"start":{"line":67,"column":22},"end":{"line":67,"column":null}},"loc":{"start":{"line":71,"column":27},"end":{"line":73,"column":null}},"line":71},"10":{"name":"deletePlacement","decl":{"start":{"line":76,"column":22},"end":{"line":76,"column":null}},"loc":{"start":{"line":80,"column":17},"end":{"line":81,"column":null}},"line":80},"11":{"name":"fetchObservations","decl":{"start":{"line":84,"column":22},"end":{"line":84,"column":null}},"loc":{"start":{"line":88,"column":26},"end":{"line":90,"column":null}},"line":88},"12":{"name":"createObservation","decl":{"start":{"line":93,"column":22},"end":{"line":93,"column":null}},"loc":{"start":{"line":98,"column":24},"end":{"line":100,"column":null}},"line":98},"13":{"name":"deleteObservation","decl":{"start":{"line":103,"column":22},"end":{"line":103,"column":null}},"loc":{"start":{"line":108,"column":17},"end":{"line":109,"column":null}},"line":108}},"branchMap":{"0":{"loc":{"start":{"line":12,"column":9},"end":{"line":12,"column":23}},"type":"binary-expr","locations":[{"start":{"line":12,"column":9},"end":{"line":12,"column":21}},{"start":{"line":12,"column":21},"end":{"line":12,"column":23}}],"line":12}},"s":{"0":0,"1":0,"2":2,"3":2,"4":1,"5":1,"6":1,"7":1,"8":1,"9":1,"10":1,"11":1,"12":1,"13":1,"14":1,"15":1,"16":1,"17":1,"18":1,"19":1,"20":1,"21":1,"22":1,"23":1,"24":1},"f":{"0":0,"1":2,"2":1,"3":1,"4":1,"5":1,"6":1,"7":1,"8":1,"9":1,"10":1,"11":1,"12":1,"13":1},"b":{"0":[2,1]},"meta":{"lastBranch":1,"lastFunction":14,"lastStatement":25,"seen":{"f:5:22:5:54":0,"s:6:14:6:39":0,"s:7:2:7:Infinity":1,"f:10:22:10:65":1,"s:11:14:11:43":2,"s:12:2:12:Infinity":3,"b:12:9:12:21:12:21:12:23":0,"f:15:22:15:37":2,"s:16:14:16:54":4,"s:17:2:17:Infinity":5,"f:20:22:20:38":3,"s:21:14:21:73":6,"s:22:2:22:Infinity":7,"f:25:22:25:Infinity":4,"s:30:14:30:80":8,"s:31:2:31:Infinity":9,"f:34:22:34:Infinity":5,"s:40:14:40:92":10,"s:41:2:41:Infinity":11,"f:44:22:44:Infinity":6,"s:50:14:50:108":12,"s:51:2:51:Infinity":13,"f:54:22:54:Infinity":7,"s:59:2:59:Infinity":14,"f:62:22:62:38":8,"s:63:14:63:77":15,"s:64:2:64:Infinity":16,"f:67:22:67:Infinity":9,"s:72:14:72:84":17,"s:73:2:73:Infinity":18,"f:76:22:76:Infinity":10,"s:81:2:81:Infinity":19,"f:84:22:84:Infinity":11,"s:89:14:89:97":20,"s:90:2:90:Infinity":21,"f:93:22:93:Infinity":12,"s:99:14:99:104":22,"s:100:2:100:Infinity":23,"f:103:22:103:Infinity":13,"s:109:2:109:Infinity":24}}}
,"/Users/kcdrez/Documents/garden-ai/frontend/src/auth/auth.ts": {"path":"/Users/kcdrez/Documents/garden-ai/frontend/src/auth/auth.ts","statementMap":{"0":{"start":{"line":1,"column":19},"end":{"line":1,"column":null}},"1":{"start":{"line":2,"column":20},"end":{"line":2,"column":null}},"2":{"start":{"line":4,"column":20},"end":{"line":19,"column":null}},"3":{"start":{"line":5,"column":24},"end":{"line":5,"column":56}},"4":{"start":{"line":6,"column":25},"end":{"line":6,"column":58}},"5":{"start":{"line":9,"column":4},"end":{"line":9,"column":null}},"6":{"start":{"line":10,"column":4},"end":{"line":10,"column":null}},"7":{"start":{"line":14,"column":4},"end":{"line":14,"column":null}},"8":{"start":{"line":15,"column":4},"end":{"line":15,"column":null}},"9":{"start":{"line":18,"column":20},"end":{"line":18,"column":null}}},"fnMap":{"0":{"name":"(anonymous_0)","decl":{"start":{"line":5,"column":2},"end":{"line":5,"column":24}},"loc":{"start":{"line":5,"column":24},"end":{"line":5,"column":56}},"line":5},"1":{"name":"(anonymous_1)","decl":{"start":{"line":6,"column":2},"end":{"line":6,"column":25}},"loc":{"start":{"line":6,"column":25},"end":{"line":6,"column":58}},"line":6},"2":{"name":"(anonymous_2)","decl":{"start":{"line":8,"column":2},"end":{"line":8,"column":14}},"loc":{"start":{"line":8,"column":50},"end":{"line":10,"column":null}},"line":8},"3":{"name":"(anonymous_3)","decl":{"start":{"line":13,"column":2},"end":{"line":13,"column":21}},"loc":{"start":{"line":13,"column":21},"end":{"line":15,"column":null}},"line":13},"4":{"name":"(anonymous_4)","decl":{"start":{"line":18,"column":2},"end":{"line":18,"column":20}},"loc":{"start":{"line":18,"column":20},"end":{"line":18,"column":null}},"line":18}},"branchMap":{},"s":{"0":1,"1":1,"2":1,"3":2,"4":2,"5":4,"6":4,"7":2,"8":2,"9":3},"f":{"0":2,"1":2,"2":4,"3":2,"4":3},"b":{},"meta":{"lastBranch":0,"lastFunction":5,"lastStatement":10,"seen":{"s:1:19:1:Infinity":0,"s:2:20:2:Infinity":1,"s:4:20:19:Infinity":2,"f:5:2:5:24":0,"s:5:24:5:56":3,"f:6:2:6:25":1,"s:6:25:6:58":4,"f:8:2:8:14":2,"s:9:4:9:Infinity":5,"s:10:4:10:Infinity":6,"f:13:2:13:21":3,"s:14:4:14:Infinity":7,"s:15:4:15:Infinity":8,"f:18:2:18:20":4,"s:18:20:18:Infinity":9}}}
,"/Users/kcdrez/Documents/garden-ai/frontend/src/components/ui/button.tsx": {"path":"/Users/kcdrez/Documents/garden-ai/frontend/src/components/ui/button.tsx","statementMap":{"0":{"start":{"line":6,"column":6},"end":{"line":40,"column":null}},"1":{"start":{"line":49,"column":2},"end":{"line":54,"column":null}}},"fnMap":{"0":{"name":"Button","decl":{"start":{"line":43,"column":9},"end":{"line":43,"column":16}},"loc":{"start":{"line":48,"column":64},"end":{"line":54,"column":null}},"line":48}},"branchMap":{"0":{"loc":{"start":{"line":45,"column":2},"end":{"line":45,"column":null}},"type":"default-arg","locations":[{"start":{"line":45,"column":12},"end":{"line":45,"column":null}}],"line":45},"1":{"loc":{"start":{"line":46,"column":2},"end":{"line":46,"column":null}},"type":"default-arg","locations":[{"start":{"line":46,"column":9},"end":{"line":46,"column":null}}],"line":46}},"s":{"0":9,"1":178},"f":{"0":178},"b":{"0":[178],"1":[178]},"meta":{"lastBranch":2,"lastFunction":1,"lastStatement":2,"seen":{"s:6:6:40:Infinity":0,"f:43:9:43:16":0,"b:45:12:45:Infinity":0,"b:46:9:46:Infinity":1,"s:49:2:54:Infinity":1}}}
,"/Users/kcdrez/Documents/garden-ai/frontend/src/components/ui/card.tsx": {"path":"/Users/kcdrez/Documents/garden-ai/frontend/src/components/ui/card.tsx","statementMap":{"0":{"start":{"line":10,"column":2},"end":{"line":19,"column":null}},"1":{"start":{"line":24,"column":2},"end":{"line":32,"column":null}},"2":{"start":{"line":37,"column":2},"end":{"line":45,"column":null}},"3":{"start":{"line":50,"column":2},"end":{"line":55,"column":null}},"4":{"start":{"line":60,"column":2},"end":{"line":68,"column":null}},"5":{"start":{"line":73,"column":2},"end":{"line":78,"column":null}},"6":{"start":{"line":83,"column":2},"end":{"line":91,"column":null}}},"fnMap":{"0":{"name":"Card","decl":{"start":{"line":5,"column":9},"end":{"line":5,"column":14}},"loc":{"start":{"line":9,"column":62},"end":{"line":19,"column":null}},"line":9},"1":{"name":"CardHeader","decl":{"start":{"line":23,"column":9},"end":{"line":23,"column":20}},"loc":{"start":{"line":23,"column":74},"end":{"line":32,"column":null}},"line":23},"2":{"name":"CardTitle","decl":{"start":{"line":36,"column":9},"end":{"line":36,"column":19}},"loc":{"start":{"line":36,"column":73},"end":{"line":45,"column":null}},"line":36},"3":{"name":"CardDescription","decl":{"start":{"line":49,"column":9},"end":{"line":49,"column":25}},"loc":{"start":{"line":49,"column":79},"end":{"line":55,"column":null}},"line":49},"4":{"name":"CardAction","decl":{"start":{"line":59,"column":9},"end":{"line":59,"column":20}},"loc":{"start":{"line":59,"column":74},"end":{"line":68,"column":null}},"line":59},"5":{"name":"CardContent","decl":{"start":{"line":72,"column":9},"end":{"line":72,"column":21}},"loc":{"start":{"line":72,"column":75},"end":{"line":78,"column":null}},"line":72},"6":{"name":"CardFooter","decl":{"start":{"line":82,"column":9},"end":{"line":82,"column":20}},"loc":{"start":{"line":82,"column":74},"end":{"line":91,"column":null}},"line":82}},"branchMap":{"0":{"loc":{"start":{"line":7,"column":2},"end":{"line":7,"column":null}},"type":"default-arg","locations":[{"start":{"line":7,"column":9},"end":{"line":7,"column":null}}],"line":7}},"s":{"0":0,"1":0,"2":0,"3":0,"4":0,"5":0,"6":0},"f":{"0":0,"1":0,"2":0,"3":0,"4":0,"5":0,"6":0},"b":{"0":[0]},"meta":{"lastBranch":1,"lastFunction":7,"lastStatement":7,"seen":{"f:5:9:5:14":0,"b:7:9:7:Infinity":0,"s:10:2:19:Infinity":0,"f:23:9:23:20":1,"s:24:2:32:Infinity":1,"f:36:9:36:19":2,"s:37:2:45:Infinity":2,"f:49:9:49:25":3,"s:50:2:55:Infinity":3,"f:59:9:59:20":4,"s:60:2:68:Infinity":4,"f:72:9:72:21":5,"s:73:2:78:Infinity":5,"f:82:9:82:20":6,"s:83:2:91:Infinity":6}}}
,"/Users/kcdrez/Documents/garden-ai/frontend/src/components/ui/dialog.tsx": {"path":"/Users/kcdrez/Documents/garden-ai/frontend/src/components/ui/dialog.tsx","statementMap":{"0":{"start":{"line":9,"column":2},"end":{"line":9,"column":null}},"1":{"start":{"line":13,"column":2},"end":{"line":13,"column":null}},"2":{"start":{"line":17,"column":2},"end":{"line":17,"column":null}},"3":{"start":{"line":21,"column":2},"end":{"line":21,"column":null}},"4":{"start":{"line":28,"column":2},"end":{"line":36,"column":null}},"5":{"start":{"line":48,"column":2},"end":{"line":77,"column":null}},"6":{"start":{"line":82,"column":2},"end":{"line":87,"column":null}},"7":{"start":{"line":99,"column":2},"end":{"line":112,"column":null}},"8":{"start":{"line":119,"column":2},"end":{"line":127,"column":null}},"9":{"start":{"line":135,"column":2},"end":{"line":143,"column":null}}},"fnMap":{"0":{"name":"Dialog","decl":{"start":{"line":8,"column":9},"end":{"line":8,"column":16}},"loc":{"start":{"line":8,"column":58},"end":{"line":9,"column":null}},"line":8},"1":{"name":"DialogTrigger","decl":{"start":{"line":12,"column":9},"end":{"line":12,"column":23}},"loc":{"start":{"line":12,"column":68},"end":{"line":13,"column":null}},"line":12},"2":{"name":"DialogPortal","decl":{"start":{"line":16,"column":9},"end":{"line":16,"column":22}},"loc":{"start":{"line":16,"column":66},"end":{"line":17,"column":null}},"line":16},"3":{"name":"DialogClose","decl":{"start":{"line":20,"column":9},"end":{"line":20,"column":21}},"loc":{"start":{"line":20,"column":64},"end":{"line":21,"column":null}},"line":20},"4":{"name":"DialogOverlay","decl":{"start":{"line":24,"column":9},"end":{"line":24,"column":23}},"loc":{"start":{"line":27,"column":35},"end":{"line":36,"column":null}},"line":27},"5":{"name":"DialogContent","decl":{"start":{"line":40,"column":9},"end":{"line":40,"column":23}},"loc":{"start":{"line":47,"column":3},"end":{"line":77,"column":null}},"line":47},"6":{"name":"DialogHeader","decl":{"start":{"line":81,"column":9},"end":{"line":81,"column":22}},"loc":{"start":{"line":81,"column":76},"end":{"line":87,"column":null}},"line":81},"7":{"name":"DialogFooter","decl":{"start":{"line":91,"column":9},"end":{"line":91,"column":22}},"loc":{"start":{"line":98,"column":3},"end":{"line":112,"column":null}},"line":98},"8":{"name":"DialogTitle","decl":{"start":{"line":118,"column":9},"end":{"line":118,"column":21}},"loc":{"start":{"line":118,"column":75},"end":{"line":127,"column":null}},"line":118},"9":{"name":"DialogDescription","decl":{"start":{"line":131,"column":9},"end":{"line":131,"column":27}},"loc":{"start":{"line":134,"column":38},"end":{"line":143,"column":null}},"line":134}},"branchMap":{"0":{"loc":{"start":{"line":43,"column":2},"end":{"line":43,"column":null}},"type":"default-arg","locations":[{"start":{"line":43,"column":20},"end":{"line":43,"column":null}}],"line":43},"1":{"loc":{"start":{"line":60,"column":9},"end":{"line":73,"column":null}},"type":"binary-expr","locations":[{"start":{"line":60,"column":9},"end":{"line":60,"column":null}},{"start":{"line":61,"column":10},"end":{"line":73,"column":null}}],"line":60},"2":{"loc":{"start":{"line":93,"column":2},"end":{"line":93,"column":null}},"type":"default-arg","locations":[{"start":{"line":93,"column":20},"end":{"line":93,"column":null}}],"line":93},"3":{"loc":{"start":{"line":109,"column":7},"end":{"line":112,"column":null}},"type":"binary-expr","locations":[{"start":{"line":109,"column":7},"end":{"line":109,"column":null}},{"start":{"line":110,"column":8},"end":{"line":112,"column":null}}],"line":109}},"s":{"0":8,"1":0,"2":8,"3":5,"4":5,"5":8,"6":5,"7":5,"8":5,"9":5},"f":{"0":8,"1":0,"2":8,"3":5,"4":5,"5":8,"6":5,"7":5,"8":5,"9":5},"b":{"0":[8],"1":[8,0],"2":[5],"3":[5,0]},"meta":{"lastBranch":4,"lastFunction":10,"lastStatement":10,"seen":{"f:8:9:8:16":0,"s:9:2:9:Infinity":0,"f:12:9:12:23":1,"s:13:2:13:Infinity":1,"f:16:9:16:22":2,"s:17:2:17:Infinity":2,"f:20:9:20:21":3,"s:21:2:21:Infinity":3,"f:24:9:24:23":4,"s:28:2:36:Infinity":4,"f:40:9:40:23":5,"b:43:20:43:Infinity":0,"s:48:2:77:Infinity":5,"b:60:9:60:Infinity:61:10:73:Infinity":1,"f:81:9:81:22":6,"s:82:2:87:Infinity":6,"f:91:9:91:22":7,"b:93:20:93:Infinity":2,"s:99:2:112:Infinity":7,"b:109:7:109:Infinity:110:8:112:Infinity":3,"f:118:9:118:21":8,"s:119:2:127:Infinity":8,"f:131:9:131:27":9,"s:135:2:143:Infinity":9}}}
,"/Users/kcdrez/Documents/garden-ai/frontend/src/components/ui/form-fields.tsx": {"path":"/Users/kcdrez/Documents/garden-ai/frontend/src/components/ui/form-fields.tsx","statementMap":{"0":{"start":{"line":24,"column":2},"end":{"line":37,"column":null}},"1":{"start":{"line":29,"column":8},"end":{"line":35,"column":null}},"2":{"start":{"line":50,"column":2},"end":{"line":63,"column":null}},"3":{"start":{"line":55,"column":8},"end":{"line":61,"column":null}},"4":{"start":{"line":67,"column":13},"end":{"line":70,"column":null}},"5":{"start":{"line":95,"column":2},"end":{"line":127,"column":null}},"6":{"start":{"line":100,"column":8},"end":{"line":125,"column":null}},"7":{"start":{"line":107,"column":18},"end":{"line":110,"column":null}},"8":{"start":{"line":108,"column":20},"end":{"line":108,"column":null}},"9":{"start":{"line":110,"column":20},"end":{"line":110,"column":null}},"10":{"start":{"line":112,"column":18},"end":{"line":112,"column":null}}},"fnMap":{"0":{"name":"TextField","decl":{"start":{"line":20,"column":9},"end":{"line":20,"column":null}},"loc":{"start":{"line":23,"column":80},"end":{"line":37,"column":null}},"line":23},"1":{"name":"(anonymous_1)","decl":{"start":{"line":28,"column":6},"end":{"line":28,"column":15}},"loc":{"start":{"line":29,"column":8},"end":{"line":35,"column":null}},"line":29},"2":{"name":"TextAreaField","decl":{"start":{"line":46,"column":9},"end":{"line":46,"column":null}},"loc":{"start":{"line":49,"column":87},"end":{"line":63,"column":null}},"line":49},"3":{"name":"(anonymous_3)","decl":{"start":{"line":54,"column":6},"end":{"line":54,"column":15}},"loc":{"start":{"line":55,"column":8},"end":{"line":61,"column":null}},"line":55},"4":{"name":"NativeSelectField","decl":{"start":{"line":83,"column":9},"end":{"line":83,"column":null}},"loc":{"start":{"line":94,"column":48},"end":{"line":127,"column":null}},"line":94},"5":{"name":"(anonymous_5)","decl":{"start":{"line":99,"column":6},"end":{"line":99,"column":15}},"loc":{"start":{"line":100,"column":8},"end":{"line":125,"column":null}},"line":100},"6":{"name":"(anonymous_6)","decl":{"start":{"line":106,"column":16},"end":{"line":106,"column":27}},"loc":{"start":{"line":106,"column":33},"end":{"line":112,"column":null}},"line":106}},"branchMap":{"0":{"loc":{"start":{"line":91,"column":2},"end":{"line":91,"column":null}},"type":"default-arg","locations":[{"start":{"line":91,"column":13},"end":{"line":91,"column":null}}],"line":91},"1":{"loc":{"start":{"line":105,"column":23},"end":{"line":105,"column":null}},"type":"cond-expr","locations":[{"start":{"line":105,"column":35},"end":{"line":105,"column":56}},{"start":{"line":105,"column":56},"end":{"line":105,"column":null}}],"line":105},"2":{"loc":{"start":{"line":105,"column":35},"end":{"line":105,"column":56}},"type":"binary-expr","locations":[{"start":{"line":105,"column":35},"end":{"line":105,"column":50}},{"start":{"line":105,"column":50},"end":{"line":105,"column":56}}],"line":105},"3":{"loc":{"start":{"line":107,"column":18},"end":{"line":110,"column":null}},"type":"if","locations":[{"start":{"line":107,"column":18},"end":{"line":110,"column":null}},{"start":{"line":109,"column":25},"end":{"line":110,"column":null}}],"line":107},"4":{"loc":{"start":{"line":108,"column":35},"end":{"line":108,"column":63}},"type":"binary-expr","locations":[{"start":{"line":108,"column":35},"end":{"line":108,"column":53}},{"start":{"line":108,"column":53},"end":{"line":108,"column":63}}],"line":108}},"s":{"0":240,"1":410,"2":0,"3":0,"4":2,"5":0,"6":0,"7":0,"8":0,"9":0,"10":0},"f":{"0":240,"1":410,"2":0,"3":0,"4":0,"5":0,"6":0},"b":{"0":[0],"1":[0,0],"2":[0,0],"3":[0,0],"4":[0,0]},"meta":{"lastBranch":5,"lastFunction":7,"lastStatement":11,"seen":{"f:20:9:20:Infinity":0,"s:24:2:37:Infinity":0,"f:28:6:28:15":1,"s:29:8:35:Infinity":1,"f:46:9:46:Infinity":2,"s:50:2:63:Infinity":2,"f:54:6:54:15":3,"s:55:8:61:Infinity":3,"s:67:13:70:Infinity":4,"f:83:9:83:Infinity":4,"b:91:13:91:Infinity":0,"s:95:2:127:Infinity":5,"f:99:6:99:15":5,"s:100:8:125:Infinity":6,"b:105:35:105:56:105:56:105:Infinity":1,"b:105:35:105:50:105:50:105:56":2,"f:106:16:106:27":6,"b:107:18:110:Infinity:109:25:110:Infinity":3,"s:107:18:110:Infinity":7,"s:108:20:108:Infinity":8,"b:108:35:108:53:108:53:108:63":4,"s:110:20:110:Infinity":9,"s:112:18:112:Infinity":10}}}
,"/Users/kcdrez/Documents/garden-ai/frontend/src/components/ui/form-root-error.tsx": {"path":"/Users/kcdrez/Documents/garden-ai/frontend/src/components/ui/form-root-error.tsx","statementMap":{"0":{"start":{"line":8,"column":2},"end":{"line":8,"column":null}},"1":{"start":{"line":8,"column":16},"end":{"line":8,"column":null}},"2":{"start":{"line":10,"column":2},"end":{"line":13,"column":null}}},"fnMap":{"0":{"name":"FormRootError","decl":{"start":{"line":7,"column":16},"end":{"line":7,"column":30}},"loc":{"start":{"line":7,"column":50},"end":{"line":13,"column":null}},"line":7}},"branchMap":{"0":{"loc":{"start":{"line":8,"column":2},"end":{"line":8,"column":null}},"type":"if","locations":[{"start":{"line":8,"column":2},"end":{"line":8,"column":null}},{"start":{},"end":{}}],"line":8}},"s":{"0":74,"1":72,"2":2},"f":{"0":74},"b":{"0":[72,2]},"meta":{"lastBranch":1,"lastFunction":1,"lastStatement":3,"seen":{"f:7:16:7:30":0,"b:8:2:8:Infinity:undefined:undefined:undefined:undefined":0,"s:8:2:8:Infinity":0,"s:8:16:8:Infinity":1,"s:10:2:13:Infinity":2}}}
,"/Users/kcdrez/Documents/garden-ai/frontend/src/components/ui/form.tsx": {"path":"/Users/kcdrez/Documents/garden-ai/frontend/src/components/ui/form.tsx","statementMap":{"0":{"start":{"line":31,"column":2},"end":{"line":36,"column":null}},"1":{"start":{"line":47,"column":25},"end":{"line":47,"column":96}},"2":{"start":{"line":49,"column":6},"end":{"line":58,"column":null}},"3":{"start":{"line":55,"column":2},"end":{"line":58,"column":null}},"4":{"start":{"line":62,"column":6},"end":{"line":82,"column":null}},"5":{"start":{"line":63,"column":23},"end":{"line":63,"column":57}},"6":{"start":{"line":64,"column":22},"end":{"line":64,"column":55}},"7":{"start":{"line":65,"column":10},"end":{"line":65,"column":44}},"8":{"start":{"line":66,"column":8},"end":{"line":66,"column":61}},"9":{"start":{"line":67,"column":21},"end":{"line":67,"column":64}},"10":{"start":{"line":69,"column":2},"end":{"line":70,"column":null}},"11":{"start":{"line":70,"column":4},"end":{"line":70,"column":null}},"12":{"start":{"line":73,"column":17},"end":{"line":73,"column":null}},"13":{"start":{"line":75,"column":2},"end":{"line":82,"column":null}},"14":{"start":{"line":89,"column":24},"end":{"line":89,"column":93}},"15":{"start":{"line":92,"column":13},"end":{"line":92,"column":26}},"16":{"start":{"line":94,"column":2},"end":{"line":97,"column":null}},"17":{"start":{"line":102,"column":32},"end":{"line":102,"column":46}},"18":{"start":{"line":104,"column":2},"end":{"line":110,"column":null}},"19":{"start":{"line":115,"column":66},"end":{"line":115,"column":80}},"20":{"start":{"line":117,"column":2},"end":{"line":123,"column":null}},"21":{"start":{"line":128,"column":32},"end":{"line":128,"column":46}},"22":{"start":{"line":130,"column":2},"end":{"line":135,"column":null}},"23":{"start":{"line":140,"column":35},"end":{"line":140,"column":49}},"24":{"start":{"line":141,"column":15},"end":{"line":141,"column":null}},"25":{"start":{"line":143,"column":2},"end":{"line":150,"column":null}}},"fnMap":{"0":{"name":"Form","decl":{"start":{"line":25,"column":9},"end":{"line":25,"column":62}},"loc":{"start":{"line":30,"column":28},"end":{"line":36,"column":null}},"line":30},"1":{"name":"(anonymous_1)","decl":{"start":{"line":49,"column":6},"end":{"line":49,"column":null}},"loc":{"start":{"line":54,"column":44},"end":{"line":58,"column":null}},"line":54},"2":{"name":"(anonymous_2)","decl":{"start":{"line":62,"column":6},"end":{"line":62,"column":27}},"loc":{"start":{"line":62,"column":27},"end":{"line":82,"column":null}},"line":62},"3":{"name":"FormItem","decl":{"start":{"line":91,"column":9},"end":{"line":91,"column":18}},"loc":{"start":{"line":91,"column":72},"end":{"line":97,"column":null}},"line":91},"4":{"name":"FormLabel","decl":{"start":{"line":101,"column":9},"end":{"line":101,"column":19}},"loc":{"start":{"line":101,"column":94},"end":{"line":110,"column":null}},"line":101},"5":{"name":"FormControl","decl":{"start":{"line":114,"column":9},"end":{"line":114,"column":21}},"loc":{"start":{"line":114,"column":70},"end":{"line":123,"column":null}},"line":114},"6":{"name":"FormDescription","decl":{"start":{"line":127,"column":9},"end":{"line":127,"column":25}},"loc":{"start":{"line":127,"column":77},"end":{"line":135,"column":null}},"line":127},"7":{"name":"FormMessage","decl":{"start":{"line":139,"column":9},"end":{"line":139,"column":21}},"loc":{"start":{"line":139,"column":83},"end":{"line":150,"column":null}},"line":139}},"branchMap":{"0":{"loc":{"start":{"line":69,"column":2},"end":{"line":70,"column":null}},"type":"if","locations":[{"start":{"line":69,"column":2},"end":{"line":70,"column":null}},{"start":{},"end":{}}],"line":69},"1":{"loc":{"start":{"line":120,"column":24},"end":{"line":120,"column":null}},"type":"cond-expr","locations":[{"start":{"line":120,"column":33},"end":{"line":120,"column":53}},{"start":{"line":120,"column":53},"end":{"line":120,"column":null}}],"line":120},"2":{"loc":{"start":{"line":141,"column":15},"end":{"line":141,"column":null}},"type":"cond-expr","locations":[{"start":{"line":141,"column":23},"end":{"line":141,"column":51}},{"start":{"line":141,"column":54},"end":{"line":141,"column":null}}],"line":141},"3":{"loc":{"start":{"line":141,"column":30},"end":{"line":141,"column":51}},"type":"binary-expr","locations":[{"start":{"line":141,"column":30},"end":{"line":141,"column":48}},{"start":{"line":141,"column":48},"end":{"line":141,"column":51}}],"line":141}},"s":{"0":74,"1":2,"2":2,"3":240,"4":2,"5":1314,"6":1314,"7":1314,"8":1314,"9":1314,"10":1314,"11":0,"12":1314,"13":1314,"14":2,"15":410,"16":410,"17":438,"18":438,"19":438,"20":438,"21":0,"22":0,"23":438,"24":438,"25":438},"f":{"0":74,"1":240,"2":1314,"3":410,"4":438,"5":438,"6":0,"7":438},"b":{"0":[0,1314],"1":[349,89],"2":[89,349],"3":[89,0]},"meta":{"lastBranch":4,"lastFunction":8,"lastStatement":26,"seen":{"f:25:9:25:62":0,"s:31:2:36:Infinity":0,"s:47:25:47:96":1,"s:49:6:58:Infinity":2,"f:49:6:49:Infinity":1,"s:55:2:58:Infinity":3,"s:62:6:82:Infinity":4,"f:62:6:62:27":2,"s:63:23:63:57":5,"s:64:22:64:55":6,"s:65:10:65:44":7,"s:66:8:66:61":8,"s:67:21:67:64":9,"b:69:2:70:Infinity:undefined:undefined:undefined:undefined":0,"s:69:2:70:Infinity":10,"s:70:4:70:Infinity":11,"s:73:17:73:Infinity":12,"s:75:2:82:Infinity":13,"s:89:24:89:93":14,"f:91:9:91:18":3,"s:92:13:92:26":15,"s:94:2:97:Infinity":16,"f:101:9:101:19":4,"s:102:32:102:46":17,"s:104:2:110:Infinity":18,"f:114:9:114:21":5,"s:115:66:115:80":19,"s:117:2:123:Infinity":20,"b:120:33:120:53:120:53:120:Infinity":1,"f:127:9:127:25":6,"s:128:32:128:46":21,"s:130:2:135:Infinity":22,"f:139:9:139:21":7,"s:140:35:140:49":23,"s:141:15:141:Infinity":24,"b:141:23:141:51:141:54:141:Infinity":2,"b:141:30:141:48:141:48:141:51":3,"s:143:2:150:Infinity":25}}}
,"/Users/kcdrez/Documents/garden-ai/frontend/src/components/ui/input.tsx": {"path":"/Users/kcdrez/Documents/garden-ai/frontend/src/components/ui/input.tsx","statementMap":{"0":{"start":{"line":7,"column":2},"end":{"line":16,"column":null}}},"fnMap":{"0":{"name":"Input","decl":{"start":{"line":6,"column":9},"end":{"line":6,"column":15}},"loc":{"start":{"line":6,"column":77},"end":{"line":16,"column":null}},"line":6}},"branchMap":{},"s":{"0":438},"f":{"0":438},"b":{},"meta":{"lastBranch":0,"lastFunction":1,"lastStatement":1,"seen":{"f:6:9:6:15":0,"s:7:2:16:Infinity":0}}}
,"/Users/kcdrez/Documents/garden-ai/frontend/src/components/ui/label.tsx": {"path":"/Users/kcdrez/Documents/garden-ai/frontend/src/components/ui/label.tsx","statementMap":{"0":{"start":{"line":7,"column":2},"end":{"line":14,"column":null}}},"fnMap":{"0":{"name":"Label","decl":{"start":{"line":6,"column":9},"end":{"line":6,"column":15}},"loc":{"start":{"line":6,"column":90},"end":{"line":14,"column":null}},"line":6}},"branchMap":{},"s":{"0":438},"f":{"0":438},"b":{},"meta":{"lastBranch":0,"lastFunction":1,"lastStatement":1,"seen":{"f:6:9:6:15":0,"s:7:2:14:Infinity":0}}}
,"/Users/kcdrez/Documents/garden-ai/frontend/src/components/ui/query-state.tsx": {"path":"/Users/kcdrez/Documents/garden-ai/frontend/src/components/ui/query-state.tsx","statementMap":{"0":{"start":{"line":5,"column":2},"end":{"line":8,"column":null}},"1":{"start":{"line":28,"column":2},"end":{"line":28,"column":null}},"2":{"start":{"line":28,"column":17},"end":{"line":28,"column":null}},"3":{"start":{"line":29,"column":2},"end":{"line":29,"column":null}},"4":{"start":{"line":29,"column":13},"end":{"line":29,"column":null}},"5":{"start":{"line":30,"column":2},"end":{"line":30,"column":null}},"6":{"start":{"line":30,"column":15},"end":{"line":30,"column":null}},"7":{"start":{"line":31,"column":2},"end":{"line":31,"column":null}}},"fnMap":{"0":{"name":"LoadingSpinner","decl":{"start":{"line":4,"column":9},"end":{"line":4,"column":26}},"loc":{"start":{"line":4,"column":26},"end":{"line":8,"column":null}},"line":4},"1":{"name":"QueryState","decl":{"start":{"line":21,"column":9},"end":{"line":21,"column":20}},"loc":{"start":{"line":27,"column":20},"end":{"line":31,"column":null}},"line":27}},"branchMap":{"0":{"loc":{"start":{"line":25,"column":2},"end":{"line":25,"column":null}},"type":"default-arg","locations":[{"start":{"line":25,"column":17},"end":{"line":25,"column":null}}],"line":25},"1":{"loc":{"start":{"line":28,"column":2},"end":{"line":28,"column":null}},"type":"if","locations":[{"start":{"line":28,"column":2},"end":{"line":28,"column":null}},{"start":{},"end":{}}],"line":28},"2":{"loc":{"start":{"line":29,"column":2},"end":{"line":29,"column":null}},"type":"if","locations":[{"start":{"line":29,"column":2},"end":{"line":29,"column":null}},{"start":{},"end":{}}],"line":29},"3":{"loc":{"start":{"line":30,"column":2},"end":{"line":30,"column":null}},"type":"if","locations":[{"start":{"line":30,"column":2},"end":{"line":30,"column":null}},{"start":{},"end":{}}],"line":30}},"s":{"0":28,"1":30,"2":9,"3":21,"4":21,"5":21,"6":21,"7":4},"f":{"0":28,"1":30},"b":{"0":[30],"1":[9,21],"2":[0,21],"3":[17,4]},"meta":{"lastBranch":4,"lastFunction":2,"lastStatement":8,"seen":{"f:4:9:4:26":0,"s:5:2:8:Infinity":0,"f:21:9:21:20":1,"b:25:17:25:Infinity":0,"b:28:2:28:Infinity:undefined:undefined:undefined:undefined":1,"s:28:2:28:Infinity":1,"s:28:17:28:Infinity":2,"b:29:2:29:Infinity:undefined:undefined:undefined:undefined":2,"s:29:2:29:Infinity":3,"s:29:13:29:Infinity":4,"b:30:2:30:Infinity:undefined:undefined:undefined:undefined":3,"s:30:2:30:Infinity":5,"s:30:15:30:Infinity":6,"s:31:2:31:Infinity":7}}}
,"/Users/kcdrez/Documents/garden-ai/frontend/src/components/ui/textarea.tsx": {"path":"/Users/kcdrez/Documents/garden-ai/frontend/src/components/ui/textarea.tsx","statementMap":{"0":{"start":{"line":5,"column":2},"end":{"line":12,"column":null}}},"fnMap":{"0":{"name":"Textarea","decl":{"start":{"line":4,"column":9},"end":{"line":4,"column":18}},"loc":{"start":{"line":4,"column":77},"end":{"line":12,"column":null}},"line":4}},"branchMap":{},"s":{"0":0},"f":{"0":0},"b":{},"meta":{"lastBranch":0,"lastFunction":1,"lastStatement":1,"seen":{"f:4:9:4:18":0,"s:5:2:12:Infinity":0}}}
,"/Users/kcdrez/Documents/garden-ai/frontend/src/hooks/useConfirm.tsx": {"path":"/Users/kcdrez/Documents/garden-ai/frontend/src/hooks/useConfirm.tsx","statementMap":{"0":{"start":{"line":21,"column":6},"end":{"line":21,"column":60}},"1":{"start":{"line":24,"column":15},"end":{"line":24,"column":41}},"2":{"start":{"line":25,"column":18},"end":{"line":25,"column":71}},"3":{"start":{"line":26,"column":8},"end":{"line":26,"column":68}},"4":{"start":{"line":28,"column":8},"end":{"line":34,"column":8}},"5":{"start":{"line":29,"column":4},"end":{"line":29,"column":null}},"6":{"start":{"line":30,"column":4},"end":{"line":30,"column":null}},"7":{"start":{"line":31,"column":4},"end":{"line":33,"column":null}},"8":{"start":{"line":32,"column":6},"end":{"line":32,"column":null}},"9":{"start":{"line":37,"column":4},"end":{"line":37,"column":null}},"10":{"start":{"line":38,"column":4},"end":{"line":38,"column":null}},"11":{"start":{"line":39,"column":4},"end":{"line":39,"column":null}},"12":{"start":{"line":42,"column":2},"end":{"line":60,"column":null}},"13":{"start":{"line":45,"column":54},"end":{"line":45,"column":null}},"14":{"start":{"line":45,"column":67},"end":{"line":45,"column":null}},"15":{"start":{"line":55,"column":57},"end":{"line":55,"column":69}},"16":{"start":{"line":66,"column":8},"end":{"line":66,"column":40}},"17":{"start":{"line":67,"column":2},"end":{"line":67,"column":null}},"18":{"start":{"line":67,"column":12},"end":{"line":67,"column":null}},"19":{"start":{"line":68,"column":2},"end":{"line":68,"column":null}}},"fnMap":{"0":{"name":"ConfirmProvider","decl":{"start":{"line":23,"column":16},"end":{"line":23,"column":32}},"loc":{"start":{"line":23,"column":71},"end":{"line":60,"column":null}},"line":23},"1":{"name":"(anonymous_1)","decl":{"start":{"line":28,"column":18},"end":{"line":28,"column":31}},"loc":{"start":{"line":28,"column":74},"end":{"line":34,"column":7}},"line":28},"2":{"name":"(anonymous_2)","decl":{"start":{"line":31,"column":15},"end":{"line":31,"column":24}},"loc":{"start":{"line":31,"column":36},"end":{"line":33,"column":null}},"line":31},"3":{"name":"settle","decl":{"start":{"line":36,"column":11},"end":{"line":36,"column":18}},"loc":{"start":{"line":36,"column":34},"end":{"line":39,"column":null}},"line":36},"4":{"name":"(anonymous_4)","decl":{"start":{"line":45,"column":26},"end":{"line":45,"column":41}},"loc":{"start":{"line":45,"column":52},"end":{"line":45,"column":null}},"line":45},"5":{"name":"(anonymous_5)","decl":{"start":{"line":55,"column":42},"end":{"line":55,"column":57}},"loc":{"start":{"line":55,"column":57},"end":{"line":55,"column":69}},"line":55},"6":{"name":"useConfirm","decl":{"start":{"line":65,"column":16},"end":{"line":65,"column":40}},"loc":{"start":{"line":65,"column":40},"end":{"line":68,"column":null}},"line":65}},"branchMap":{"0":{"loc":{"start":{"line":45,"column":54},"end":{"line":45,"column":null}},"type":"if","locations":[{"start":{"line":45,"column":54},"end":{"line":45,"column":null}},{"start":{},"end":{}}],"line":45},"1":{"loc":{"start":{"line":49,"column":13},"end":{"line":52,"column":null}},"type":"binary-expr","locations":[{"start":{"line":49,"column":13},"end":{"line":49,"column":null}},{"start":{"line":50,"column":14},"end":{"line":52,"column":null}}],"line":49},"2":{"loc":{"start":{"line":56,"column":15},"end":{"line":56,"column":null}},"type":"binary-expr","locations":[{"start":{"line":56,"column":15},"end":{"line":56,"column":39}},{"start":{"line":56,"column":39},"end":{"line":56,"column":null}}],"line":56},"3":{"loc":{"start":{"line":67,"column":2},"end":{"line":67,"column":null}},"type":"if","locations":[{"start":{"line":67,"column":2},"end":{"line":67,"column":null}},{"start":{},"end":{}}],"line":67}},"s":{"0":1,"1":8,"2":8,"3":8,"4":8,"5":3,"6":3,"7":3,"8":3,"9":2,"10":2,"11":2,"12":8,"13":1,"14":1,"15":1,"16":5,"17":5,"18":2,"19":3},"f":{"0":8,"1":3,"2":3,"3":2,"4":1,"5":1,"6":5},"b":{"0":[1,0],"1":[8,5],"2":[8,8],"3":[2,3]},"meta":{"lastBranch":4,"lastFunction":7,"lastStatement":20,"seen":{"s:21:6:21:60":0,"f:23:16:23:32":0,"s:24:15:24:41":1,"s:25:18:25:71":2,"s:26:8:26:68":3,"s:28:8:34:8":4,"f:28:18:28:31":1,"s:29:4:29:Infinity":5,"s:30:4:30:Infinity":6,"s:31:4:33:Infinity":7,"f:31:15:31:24":2,"s:32:6:32:Infinity":8,"f:36:11:36:18":3,"s:37:4:37:Infinity":9,"s:38:4:38:Infinity":10,"s:39:4:39:Infinity":11,"s:42:2:60:Infinity":12,"f:45:26:45:41":4,"b:45:54:45:Infinity:undefined:undefined:undefined:undefined":0,"s:45:54:45:Infinity":13,"s:45:67:45:Infinity":14,"b:49:13:49:Infinity:50:14:52:Infinity":1,"f:55:42:55:57":5,"s:55:57:55:69":15,"b:56:15:56:39:56:39:56:Infinity":2,"f:65:16:65:40":6,"s:66:8:66:40":16,"b:67:2:67:Infinity:undefined:undefined:undefined:undefined":3,"s:67:2:67:Infinity":17,"s:67:12:67:Infinity":18,"s:68:2:68:Infinity":19}}}
,"/Users/kcdrez/Documents/garden-ai/frontend/src/hooks/useDialogFormReset.ts": {"path":"/Users/kcdrez/Documents/garden-ai/frontend/src/hooks/useDialogFormReset.ts","statementMap":{"0":{"start":{"line":9,"column":8},"end":{"line":9,"column":30}},"1":{"start":{"line":10,"column":2},"end":{"line":10,"column":null}},"2":{"start":{"line":12,"column":8},"end":{"line":12,"column":40}},"3":{"start":{"line":13,"column":2},"end":{"line":13,"column":null}},"4":{"start":{"line":15,"column":2},"end":{"line":17,"column":null}},"5":{"start":{"line":16,"column":4},"end":{"line":16,"column":null}},"6":{"start":{"line":16,"column":14},"end":{"line":16,"column":null}}},"fnMap":{"0":{"name":"useDialogFormReset","decl":{"start":{"line":4,"column":16},"end":{"line":4,"column":null}},"loc":{"start":{"line":8,"column":8},"end":{"line":17,"column":null}},"line":8},"1":{"name":"(anonymous_1)","decl":{"start":{"line":15,"column":2},"end":{"line":15,"column":18}},"loc":{"start":{"line":15,"column":18},"end":{"line":17,"column":6}},"line":15}},"branchMap":{"0":{"loc":{"start":{"line":16,"column":4},"end":{"line":16,"column":null}},"type":"if","locations":[{"start":{"line":16,"column":4},"end":{"line":16,"column":null}},{"start":{},"end":{}}],"line":16}},"s":{"0":8,"1":8,"2":8,"3":8,"4":8,"5":8,"6":4},"f":{"0":8,"1":8},"b":{"0":[4,4]},"meta":{"lastBranch":1,"lastFunction":2,"lastStatement":7,"seen":{"f:4:16:4:Infinity":0,"s:9:8:9:30":0,"s:10:2:10:Infinity":1,"s:12:8:12:40":2,"s:13:2:13:Infinity":3,"s:15:2:17:Infinity":4,"f:15:2:15:18":1,"b:16:4:16:Infinity:undefined:undefined:undefined:undefined":0,"s:16:4:16:Infinity":5,"s:16:14:16:Infinity":6}}}
,"/Users/kcdrez/Documents/garden-ai/frontend/src/hooks/useTheme.ts": {"path":"/Users/kcdrez/Documents/garden-ai/frontend/src/hooks/useTheme.ts","statementMap":{"0":{"start":{"line":3,"column":33},"end":{"line":3,"column":null}},"1":{"start":{"line":6,"column":17},"end":{"line":7,"column":null}},"2":{"start":{"line":11,"column":17},"end":{"line":11,"column":null}},"3":{"start":{"line":12,"column":4},"end":{"line":12,"column":null}},"4":{"start":{"line":13,"column":4},"end":{"line":13,"column":null}},"5":{"start":{"line":14,"column":4},"end":{"line":14,"column":null}},"6":{"start":{"line":17,"column":2},"end":{"line":17,"column":null}}},"fnMap":{"0":{"name":"useTheme","decl":{"start":{"line":5,"column":16},"end":{"line":5,"column":27}},"loc":{"start":{"line":5,"column":27},"end":{"line":17,"column":null}},"line":5},"1":{"name":"toggleTheme","decl":{"start":{"line":10,"column":11},"end":{"line":10,"column":25}},"loc":{"start":{"line":10,"column":25},"end":{"line":14,"column":null}},"line":10}},"branchMap":{"0":{"loc":{"start":{"line":13,"column":44},"end":{"line":13,"column":68}},"type":"cond-expr","locations":[{"start":{"line":13,"column":51},"end":{"line":13,"column":60}},{"start":{"line":13,"column":60},"end":{"line":13,"column":68}}],"line":13}},"s":{"0":1,"1":6,"2":2,"3":2,"4":2,"5":2,"6":6},"f":{"0":6,"1":2},"b":{"0":[1,1]},"meta":{"lastBranch":1,"lastFunction":2,"lastStatement":7,"seen":{"s:3:33:3:Infinity":0,"f:5:16:5:27":0,"s:6:17:7:Infinity":1,"f:10:11:10:25":1,"s:11:17:11:Infinity":2,"s:12:4:12:Infinity":3,"s:13:4:13:Infinity":4,"b:13:51:13:60:13:60:13:68":0,"s:14:4:14:Infinity":5,"s:17:2:17:Infinity":6}}}
,"/Users/kcdrez/Documents/garden-ai/frontend/src/lib/beds.ts": {"path":"/Users/kcdrez/Documents/garden-ai/frontend/src/lib/beds.ts","statementMap":{"0":{"start":{"line":6,"column":14},"end":{"line":6,"column":74}},"1":{"start":{"line":7,"column":2},"end":{"line":11,"column":null}},"2":{"start":{"line":8,"column":4},"end":{"line":9,"column":null}},"3":{"start":{"line":9,"column":6},"end":{"line":9,"column":null}},"4":{"start":{"line":11,"column":4},"end":{"line":11,"column":null}},"5":{"start":{"line":13,"column":2},"end":{"line":17,"column":null}},"6":{"start":{"line":13,"column":78},"end":{"line":17,"column":5}},"7":{"start":{"line":21,"column":16},"end":{"line":21,"column":39}},"8":{"start":{"line":22,"column":2},"end":{"line":22,"column":null}},"9":{"start":{"line":22,"column":17},"end":{"line":22,"column":null}},"10":{"start":{"line":23,"column":2},"end":{"line":23,"column":null}},"11":{"start":{"line":27,"column":2},"end":{"line":27,"column":null}},"12":{"start":{"line":27,"column":33},"end":{"line":27,"column":51}},"13":{"start":{"line":31,"column":2},"end":{"line":31,"column":null}},"14":{"start":{"line":34,"column":45},"end":{"line":39,"column":null}},"15":{"start":{"line":42,"column":17},"end":{"line":42,"column":null}},"16":{"start":{"line":43,"column":2},"end":{"line":46,"column":null}},"17":{"start":{"line":50,"column":2},"end":{"line":50,"column":null}},"18":{"start":{"line":50,"column":53},"end":{"line":50,"column":null}},"19":{"start":{"line":51,"column":17},"end":{"line":51,"column":null}},"20":{"start":{"line":52,"column":2},"end":{"line":55,"column":null}},"21":{"start":{"line":59,"column":17},"end":{"line":59,"column":null}},"22":{"start":{"line":60,"column":2},"end":{"line":63,"column":null}}},"fnMap":{"0":{"name":"groupByGarden","decl":{"start":{"line":5,"column":16},"end":{"line":5,"column":30}},"loc":{"start":{"line":5,"column":63},"end":{"line":17,"column":null}},"line":5},"1":{"name":"(anonymous_1)","decl":{"start":{"line":13,"column":35},"end":{"line":13,"column":40}},"loc":{"start":{"line":13,"column":78},"end":{"line":17,"column":5}},"line":13},"2":{"name":"formatDimensions","decl":{"start":{"line":20,"column":16},"end":{"line":20,"column":33}},"loc":{"start":{"line":20,"column":57},"end":{"line":23,"column":null}},"line":20},"3":{"name":"facingLabel","decl":{"start":{"line":26,"column":16},"end":{"line":26,"column":28}},"loc":{"start":{"line":26,"column":51},"end":{"line":27,"column":null}},"line":26},"4":{"name":"(anonymous_4)","decl":{"start":{"line":27,"column":21},"end":{"line":27,"column":27}},"loc":{"start":{"line":27,"column":33},"end":{"line":27,"column":51}},"line":27},"5":{"name":"bedHasDetails","decl":{"start":{"line":30,"column":16},"end":{"line":30,"column":30}},"loc":{"start":{"line":30,"column":76},"end":{"line":31,"column":null}},"line":30},"6":{"name":"bedGridDimensions","decl":{"start":{"line":41,"column":16},"end":{"line":41,"column":34}},"loc":{"start":{"line":41,"column":82},"end":{"line":46,"column":null}},"line":41},"7":{"name":"gardenGridDimensions","decl":{"start":{"line":49,"column":16},"end":{"line":49,"column":37}},"loc":{"start":{"line":49,"column":92},"end":{"line":55,"column":null}},"line":49},"8":{"name":"bedPlacementDimensions","decl":{"start":{"line":58,"column":16},"end":{"line":58,"column":39}},"loc":{"start":{"line":58,"column":90},"end":{"line":63,"column":null}},"line":58}},"branchMap":{"0":{"loc":{"start":{"line":8,"column":4},"end":{"line":9,"column":null}},"type":"if","locations":[{"start":{"line":8,"column":4},"end":{"line":9,"column":null}},{"start":{},"end":{}}],"line":8},"1":{"loc":{"start":{"line":22,"column":2},"end":{"line":22,"column":null}},"type":"if","locations":[{"start":{"line":22,"column":2},"end":{"line":22,"column":null}},{"start":{},"end":{}}],"line":22},"2":{"loc":{"start":{"line":27,"column":9},"end":{"line":27,"column":null}},"type":"binary-expr","locations":[{"start":{"line":27,"column":9},"end":{"line":27,"column":62}},{"start":{"line":27,"column":62},"end":{"line":27,"column":null}}],"line":27},"3":{"loc":{"start":{"line":30,"column":46},"end":{"line":30,"column":76}},"type":"default-arg","locations":[{"start":{"line":30,"column":61},"end":{"line":30,"column":76}}],"line":30},"4":{"loc":{"start":{"line":31,"column":12},"end":{"line":31,"column":null}},"type":"binary-expr","locations":[{"start":{"line":31,"column":12},"end":{"line":31,"column":26}},{"start":{"line":31,"column":26},"end":{"line":31,"column":58}},{"start":{"line":31,"column":58},"end":{"line":31,"column":75}},{"start":{"line":31,"column":75},"end":{"line":31,"column":91}},{"start":{"line":31,"column":91},"end":{"line":31,"column":null}}],"line":31},"5":{"loc":{"start":{"line":42,"column":17},"end":{"line":42,"column":null}},"type":"binary-expr","locations":[{"start":{"line":42,"column":17},"end":{"line":42,"column":43}},{"start":{"line":42,"column":43},"end":{"line":42,"column":null}}],"line":42},"6":{"loc":{"start":{"line":50,"column":2},"end":{"line":50,"column":null}},"type":"if","locations":[{"start":{"line":50,"column":2},"end":{"line":50,"column":null}},{"start":{},"end":{}}],"line":50},"7":{"loc":{"start":{"line":50,"column":6},"end":{"line":50,"column":53}},"type":"binary-expr","locations":[{"start":{"line":50,"column":6},"end":{"line":50,"column":31}},{"start":{"line":50,"column":31},"end":{"line":50,"column":53}}],"line":50},"8":{"loc":{"start":{"line":51,"column":17},"end":{"line":51,"column":null}},"type":"binary-expr","locations":[{"start":{"line":51,"column":17},"end":{"line":51,"column":46}},{"start":{"line":51,"column":46},"end":{"line":51,"column":null}}],"line":51},"9":{"loc":{"start":{"line":59,"column":17},"end":{"line":59,"column":null}},"type":"binary-expr","locations":[{"start":{"line":59,"column":17},"end":{"line":59,"column":43}},{"start":{"line":59,"column":43},"end":{"line":59,"column":null}}],"line":59}},"s":{"0":7,"1":7,"2":3,"3":2,"4":3,"5":7,"6":2,"7":7,"8":7,"9":0,"10":7,"11":0,"12":0,"13":7,"14":2,"15":0,"16":0,"17":0,"18":0,"19":0,"20":0,"21":0,"22":0},"f":{"0":7,"1":2,"2":7,"3":0,"4":0,"5":7,"6":0,"7":0,"8":0},"b":{"0":[2,1],"1":[0,7],"2":[0,0],"3":[7],"4":[7,7,7,7,7],"5":[0,0],"6":[0,0],"7":[0,0],"8":[0,0],"9":[0,0]},"meta":{"lastBranch":10,"lastFunction":9,"lastStatement":23,"seen":{"f:5:16:5:30":0,"s:6:14:6:74":0,"s:7:2:11:Infinity":1,"b:8:4:9:Infinity:undefined:undefined:undefined:undefined":0,"s:8:4:9:Infinity":2,"s:9:6:9:Infinity":3,"s:11:4:11:Infinity":4,"s:13:2:17:Infinity":5,"f:13:35:13:40":1,"s:13:78:17:5":6,"f:20:16:20:33":2,"s:21:16:21:39":7,"b:22:2:22:Infinity:undefined:undefined:undefined:undefined":1,"s:22:2:22:Infinity":8,"s:22:17:22:Infinity":9,"s:23:2:23:Infinity":10,"f:26:16:26:28":3,"s:27:2:27:Infinity":11,"b:27:9:27:62:27:62:27:Infinity":2,"f:27:21:27:27":4,"s:27:33:27:51":12,"f:30:16:30:30":5,"b:30:61:30:76":3,"s:31:2:31:Infinity":13,"b:31:12:31:26:31:26:31:58:31:58:31:75:31:75:31:91:31:91:31:Infinity":4,"s:34:45:39:Infinity":14,"f:41:16:41:34":6,"s:42:17:42:Infinity":15,"b:42:17:42:43:42:43:42:Infinity":5,"s:43:2:46:Infinity":16,"f:49:16:49:37":7,"b:50:2:50:Infinity:undefined:undefined:undefined:undefined":6,"s:50:2:50:Infinity":17,"b:50:6:50:31:50:31:50:53":7,"s:50:53:50:Infinity":18,"s:51:17:51:Infinity":19,"b:51:17:51:46:51:46:51:Infinity":8,"s:52:2:55:Infinity":20,"f:58:16:58:39":8,"s:59:17:59:Infinity":21,"b:59:17:59:43:59:43:59:Infinity":9,"s:60:2:63:Infinity":22}}}
,"/Users/kcdrez/Documents/garden-ai/frontend/src/lib/dates.ts": {"path":"/Users/kcdrez/Documents/garden-ai/frontend/src/lib/dates.ts","statementMap":{"0":{"start":{"line":2,"column":12},"end":{"line":2,"column":22}},"1":{"start":{"line":3,"column":2},"end":{"line":3,"column":null}},"2":{"start":{"line":7,"column":2},"end":{"line":11,"column":null}},"3":{"start":{"line":15,"column":2},"end":{"line":20,"column":null}}},"fnMap":{"0":{"name":"getTodayISO","decl":{"start":{"line":1,"column":16},"end":{"line":1,"column":38}},"loc":{"start":{"line":1,"column":38},"end":{"line":3,"column":null}},"line":1},"1":{"name":"formatObservationDate","decl":{"start":{"line":6,"column":16},"end":{"line":6,"column":38}},"loc":{"start":{"line":6,"column":63},"end":{"line":11,"column":null}},"line":6},"2":{"name":"formatDate","decl":{"start":{"line":14,"column":16},"end":{"line":14,"column":27}},"loc":{"start":{"line":14,"column":69},"end":{"line":20,"column":null}},"line":14}},"branchMap":{"0":{"loc":{"start":{"line":14,"column":40},"end":{"line":14,"column":69}},"type":"default-arg","locations":[{"start":{"line":14,"column":54},"end":{"line":14,"column":69}}],"line":14},"1":{"loc":{"start":{"line":19,"column":8},"end":{"line":19,"column":null}},"type":"binary-expr","locations":[{"start":{"line":19,"column":8},"end":{"line":19,"column":23}},{"start":{"line":19,"column":23},"end":{"line":19,"column":null}}],"line":19}},"s":{"0":2,"1":2,"2":2,"3":3},"f":{"0":2,"1":2,"2":3},"b":{"0":[3],"1":[3,1]},"meta":{"lastBranch":2,"lastFunction":3,"lastStatement":4,"seen":{"f:1:16:1:38":0,"s:2:12:2:22":0,"s:3:2:3:Infinity":1,"f:6:16:6:38":1,"s:7:2:11:Infinity":2,"f:14:16:14:27":2,"b:14:54:14:69":0,"s:15:2:20:Infinity":3,"b:19:8:19:23:19:23:19:Infinity":1}}}
,"/Users/kcdrez/Documents/garden-ai/frontend/src/lib/errors.ts": {"path":"/Users/kcdrez/Documents/garden-ai/frontend/src/lib/errors.ts","statementMap":{"0":{"start":{"line":7,"column":2},"end":{"line":16,"column":null}},"1":{"start":{"line":8,"column":17},"end":{"line":8,"column":null}},"2":{"start":{"line":9,"column":4},"end":{"line":16,"column":null}},"3":{"start":{"line":10,"column":6},"end":{"line":10,"column":null}},"4":{"start":{"line":10,"column":43},"end":{"line":10,"column":null}},"5":{"start":{"line":11,"column":6},"end":{"line":11,"column":null}},"6":{"start":{"line":11,"column":46},"end":{"line":11,"column":null}},"7":{"start":{"line":12,"column":6},"end":{"line":16,"column":null}},"8":{"start":{"line":13,"column":25},"end":{"line":15,"column":20}},"9":{"start":{"line":16,"column":8},"end":{"line":16,"column":null}},"10":{"start":{"line":16,"column":22},"end":{"line":16,"column":null}},"11":{"start":{"line":20,"column":2},"end":{"line":20,"column":null}},"12":{"start":{"line":20,"column":28},"end":{"line":20,"column":null}},"13":{"start":{"line":21,"column":2},"end":{"line":21,"column":null}},"14":{"start":{"line":21,"column":31},"end":{"line":21,"column":null}},"15":{"start":{"line":22,"column":2},"end":{"line":22,"column":null}},"16":{"start":{"line":26,"column":2},"end":{"line":29,"column":null}},"17":{"start":{"line":27,"column":17},"end":{"line":27,"column":null}},"18":{"start":{"line":28,"column":4},"end":{"line":29,"column":null}},"19":{"start":{"line":29,"column":6},"end":{"line":29,"column":null}},"20":{"start":{"line":32,"column":2},"end":{"line":32,"column":null}},"21":{"start":{"line":40,"column":22},"end":{"line":40,"column":44}},"22":{"start":{"line":41,"column":2},"end":{"line":49,"column":null}},"23":{"start":{"line":42,"column":4},"end":{"line":44,"column":null}},"24":{"start":{"line":43,"column":6},"end":{"line":43,"column":null}},"25":{"start":{"line":43,"column":26},"end":{"line":43,"column":null}},"26":{"start":{"line":45,"column":4},"end":{"line":46,"column":null}},"27":{"start":{"line":45,"column":28},"end":{"line":45,"column":43}},"28":{"start":{"line":46,"column":6},"end":{"line":46,"column":null}},"29":{"start":{"line":49,"column":4},"end":{"line":49,"column":null}}},"fnMap":{"0":{"name":"getErrorMessage","decl":{"start":{"line":6,"column":16},"end":{"line":6,"column":32}},"loc":{"start":{"line":6,"column":54},"end":{"line":22,"column":null}},"line":6},"1":{"name":"getDRFFieldErrors","decl":{"start":{"line":25,"column":16},"end":{"line":25,"column":34}},"loc":{"start":{"line":25,"column":66},"end":{"line":32,"column":null}},"line":25},"2":{"name":"applyServerErrors","decl":{"start":{"line":35,"column":16},"end":{"line":35,"column":null}},"loc":{"start":{"line":39,"column":8},"end":{"line":49,"column":null}},"line":39},"3":{"name":"(anonymous_3)","decl":{"start":{"line":42,"column":11},"end":{"line":42,"column":20}},"loc":{"start":{"line":42,"column":26},"end":{"line":44,"column":null}},"line":42},"4":{"name":"(anonymous_4)","decl":{"start":{"line":45,"column":16},"end":{"line":45,"column":22}},"loc":{"start":{"line":45,"column":28},"end":{"line":45,"column":43}},"line":45}},"branchMap":{"0":{"loc":{"start":{"line":7,"column":2},"end":{"line":16,"column":null}},"type":"if","locations":[{"start":{"line":7,"column":2},"end":{"line":16,"column":null}},{"start":{},"end":{}}],"line":7},"1":{"loc":{"start":{"line":9,"column":4},"end":{"line":16,"column":null}},"type":"if","locations":[{"start":{"line":9,"column":4},"end":{"line":16,"column":null}},{"start":{},"end":{}}],"line":9},"2":{"loc":{"start":{"line":10,"column":6},"end":{"line":10,"column":null}},"type":"if","locations":[{"start":{"line":10,"column":6},"end":{"line":10,"column":null}},{"start":{},"end":{}}],"line":10},"3":{"loc":{"start":{"line":11,"column":6},"end":{"line":11,"column":null}},"type":"if","locations":[{"start":{"line":11,"column":6},"end":{"line":11,"column":null}},{"start":{},"end":{}}],"line":11},"4":{"loc":{"start":{"line":12,"column":6},"end":{"line":16,"column":null}},"type":"if","locations":[{"start":{"line":12,"column":6},"end":{"line":16,"column":null}},{"start":{},"end":{}}],"line":12},"5":{"loc":{"start":{"line":16,"column":8},"end":{"line":16,"column":null}},"type":"if","locations":[{"start":{"line":16,"column":8},"end":{"line":16,"column":null}},{"start":{},"end":{}}],"line":16},"6":{"loc":{"start":{"line":20,"column":2},"end":{"line":20,"column":null}},"type":"if","locations":[{"start":{"line":20,"column":2},"end":{"line":20,"column":null}},{"start":{},"end":{}}],"line":20},"7":{"loc":{"start":{"line":21,"column":2},"end":{"line":21,"column":null}},"type":"if","locations":[{"start":{"line":21,"column":2},"end":{"line":21,"column":null}},{"start":{},"end":{}}],"line":21},"8":{"loc":{"start":{"line":26,"column":2},"end":{"line":29,"column":null}},"type":"if","locations":[{"start":{"line":26,"column":2},"end":{"line":29,"column":null}},{"start":{},"end":{}}],"line":26},"9":{"loc":{"start":{"line":28,"column":4},"end":{"line":29,"column":null}},"type":"if","locations":[{"start":{"line":28,"column":4},"end":{"line":29,"column":null}},{"start":{},"end":{}}],"line":28},"10":{"loc":{"start":{"line":28,"column":8},"end":{"line":28,"column":82}},"type":"binary-expr","locations":[{"start":{"line":28,"column":8},"end":{"line":28,"column":16}},{"start":{"line":28,"column":16},"end":{"line":28,"column":44}},{"start":{"line":28,"column":44},"end":{"line":28,"column":60}},{"start":{"line":28,"column":60},"end":{"line":28,"column":82}}],"line":28},"11":{"loc":{"start":{"line":41,"column":2},"end":{"line":49,"column":null}},"type":"if","locations":[{"start":{"line":41,"column":2},"end":{"line":49,"column":null}},{"start":{"line":48,"column":9},"end":{"line":49,"column":null}}],"line":41},"12":{"loc":{"start":{"line":43,"column":6},"end":{"line":43,"column":null}},"type":"if","locations":[{"start":{"line":43,"column":6},"end":{"line":43,"column":null}},{"start":{},"end":{}}],"line":43},"13":{"loc":{"start":{"line":45,"column":4},"end":{"line":46,"column":null}},"type":"if","locations":[{"start":{"line":45,"column":4},"end":{"line":46,"column":null}},{"start":{},"end":{}}],"line":45}},"s":{"0":13,"1":9,"2":9,"3":8,"4":4,"5":4,"6":1,"7":3,"8":3,"9":3,"10":3,"11":5,"12":1,"13":4,"14":1,"15":3,"16":9,"17":8,"18":8,"19":3,"20":6,"21":5,"22":5,"23":2,"24":4,"25":1,"26":2,"27":3,"28":1,"29":3},"f":{"0":13,"1":9,"2":5,"3":4,"4":3},"b":{"0":[9,4],"1":[8,1],"2":[4,4],"3":[1,3],"4":[3,0],"5":[3,0],"6":[1,4],"7":[1,3],"8":[8,1],"9":[3,5],"10":[8,8,8,4],"11":[2,3],"12":[1,3],"13":[1,1]},"meta":{"lastBranch":14,"lastFunction":5,"lastStatement":30,"seen":{"f:6:16:6:32":0,"b:7:2:16:Infinity:undefined:undefined:undefined:undefined":0,"s:7:2:16:Infinity":0,"s:8:17:8:Infinity":1,"b:9:4:16:Infinity:undefined:undefined:undefined:undefined":1,"s:9:4:16:Infinity":2,"b:10:6:10:Infinity:undefined:undefined:undefined:undefined":2,"s:10:6:10:Infinity":3,"s:10:43:10:Infinity":4,"b:11:6:11:Infinity:undefined:undefined:undefined:undefined":3,"s:11:6:11:Infinity":5,"s:11:46:11:Infinity":6,"b:12:6:16:Infinity:undefined:undefined:undefined:undefined":4,"s:12:6:16:Infinity":7,"s:13:25:15:20":8,"b:16:8:16:Infinity:undefined:undefined:undefined:undefined":5,"s:16:8:16:Infinity":9,"s:16:22:16:Infinity":10,"b:20:2:20:Infinity:undefined:undefined:undefined:undefined":6,"s:20:2:20:Infinity":11,"s:20:28:20:Infinity":12,"b:21:2:21:Infinity:undefined:undefined:undefined:undefined":7,"s:21:2:21:Infinity":13,"s:21:31:21:Infinity":14,"s:22:2:22:Infinity":15,"f:25:16:25:34":1,"b:26:2:29:Infinity:undefined:undefined:undefined:undefined":8,"s:26:2:29:Infinity":16,"s:27:17:27:Infinity":17,"b:28:4:29:Infinity:undefined:undefined:undefined:undefined":9,"s:28:4:29:Infinity":18,"b:28:8:28:16:28:16:28:44:28:44:28:60:28:60:28:82":10,"s:29:6:29:Infinity":19,"s:32:2:32:Infinity":20,"f:35:16:35:Infinity":2,"s:40:22:40:44":21,"b:41:2:49:Infinity:48:9:49:Infinity":11,"s:41:2:49:Infinity":22,"s:42:4:44:Infinity":23,"f:42:11:42:20":3,"b:43:6:43:Infinity:undefined:undefined:undefined:undefined":12,"s:43:6:43:Infinity":24,"s:43:26:43:Infinity":25,"b:45:4:46:Infinity:undefined:undefined:undefined:undefined":13,"s:45:4:46:Infinity":26,"f:45:16:45:22":4,"s:45:28:45:43":27,"s:46:6:46:Infinity":28,"s:49:4:49:Infinity":29}}}
,"/Users/kcdrez/Documents/garden-ai/frontend/src/lib/routes.ts": {"path":"/Users/kcdrez/Documents/garden-ai/frontend/src/lib/routes.ts","statementMap":{"0":{"start":{"line":1,"column":22},"end":{"line":11,"column":null}},"1":{"start":{"line":2,"column":14},"end":{"line":2,"column":null}},"2":{"start":{"line":3,"column":15},"end":{"line":3,"column":null}},"3":{"start":{"line":4,"column":18},"end":{"line":4,"column":null}},"4":{"start":{"line":5,"column":17},"end":{"line":5,"column":null}},"5":{"start":{"line":6,"column":32},"end":{"line":6,"column":null}},"6":{"start":{"line":7,"column":17},"end":{"line":7,"column":null}},"7":{"start":{"line":8,"column":50},"end":{"line":8,"column":null}},"8":{"start":{"line":9,"column":19},"end":{"line":9,"column":null}},"9":{"start":{"line":10,"column":36},"end":{"line":10,"column":null}}},"fnMap":{"0":{"name":"(anonymous_0)","decl":{"start":{"line":2,"column":2},"end":{"line":2,"column":14}},"loc":{"start":{"line":2,"column":14},"end":{"line":2,"column":null}},"line":2},"1":{"name":"(anonymous_1)","decl":{"start":{"line":3,"column":2},"end":{"line":3,"column":15}},"loc":{"start":{"line":3,"column":15},"end":{"line":3,"column":null}},"line":3},"2":{"name":"(anonymous_2)","decl":{"start":{"line":4,"column":2},"end":{"line":4,"column":18}},"loc":{"start":{"line":4,"column":18},"end":{"line":4,"column":null}},"line":4},"3":{"name":"(anonymous_3)","decl":{"start":{"line":5,"column":2},"end":{"line":5,"column":17}},"loc":{"start":{"line":5,"column":17},"end":{"line":5,"column":null}},"line":5},"4":{"name":"(anonymous_4)","decl":{"start":{"line":6,"column":2},"end":{"line":6,"column":17}},"loc":{"start":{"line":6,"column":32},"end":{"line":6,"column":null}},"line":6},"5":{"name":"(anonymous_5)","decl":{"start":{"line":7,"column":2},"end":{"line":7,"column":17}},"loc":{"start":{"line":7,"column":17},"end":{"line":7,"column":null}},"line":7},"6":{"name":"(anonymous_6)","decl":{"start":{"line":8,"column":2},"end":{"line":8,"column":14}},"loc":{"start":{"line":8,"column":50},"end":{"line":8,"column":null}},"line":8},"7":{"name":"(anonymous_7)","decl":{"start":{"line":9,"column":2},"end":{"line":9,"column":19}},"loc":{"start":{"line":9,"column":19},"end":{"line":9,"column":null}},"line":9},"8":{"name":"(anonymous_8)","decl":{"start":{"line":10,"column":2},"end":{"line":10,"column":16}},"loc":{"start":{"line":10,"column":36},"end":{"line":10,"column":null}},"line":10}},"branchMap":{},"s":{"0":6,"1":0,"2":46,"3":28,"4":15,"5":21,"6":0,"7":12,"8":0,"9":0},"f":{"0":0,"1":46,"2":28,"3":15,"4":21,"5":0,"6":12,"7":0,"8":0},"b":{},"meta":{"lastBranch":0,"lastFunction":9,"lastStatement":10,"seen":{"s:1:22:11:Infinity":0,"f:2:2:2:14":0,"s:2:14:2:Infinity":1,"f:3:2:3:15":1,"s:3:15:3:Infinity":2,"f:4:2:4:18":2,"s:4:18:4:Infinity":3,"f:5:2:5:17":3,"s:5:17:5:Infinity":4,"f:6:2:6:17":4,"s:6:32:6:Infinity":5,"f:7:2:7:17":5,"s:7:17:7:Infinity":6,"f:8:2:8:14":6,"s:8:50:8:Infinity":7,"f:9:2:9:19":7,"s:9:19:9:Infinity":8,"f:10:2:10:16":8,"s:10:36:10:Infinity":9}}}
,"/Users/kcdrez/Documents/garden-ai/frontend/src/lib/utils.ts": {"path":"/Users/kcdrez/Documents/garden-ai/frontend/src/lib/utils.ts","statementMap":{"0":{"start":{"line":6,"column":2},"end":{"line":6,"column":null}},"1":{"start":{"line":10,"column":2},"end":{"line":12,"column":null}}},"fnMap":{"0":{"name":"cn","decl":{"start":{"line":5,"column":16},"end":{"line":5,"column":19}},"loc":{"start":{"line":5,"column":44},"end":{"line":6,"column":null}},"line":5},"1":{"name":"isCardNavigationSuppressed","decl":{"start":{"line":9,"column":16},"end":{"line":9,"column":43}},"loc":{"start":{"line":9,"column":67},"end":{"line":12,"column":null}},"line":9}},"branchMap":{},"s":{"0":2453,"1":3},"f":{"0":2453,"1":3},"b":{},"meta":{"lastBranch":0,"lastFunction":2,"lastStatement":2,"seen":{"f:5:16:5:19":0,"s:6:2:6:Infinity":0,"f:9:16:9:43":1,"s:10:2:12:Infinity":1}}}
,"/Users/kcdrez/Documents/garden-ai/frontend/src/lib/zod.ts": {"path":"/Users/kcdrez/Documents/garden-ai/frontend/src/lib/zod.ts","statementMap":{"0":{"start":{"line":3,"column":22},"end":{"line":6,"column":79}},"1":{"start":{"line":6,"column":17},"end":{"line":6,"column":58}},"2":{"start":{"line":8,"column":25},"end":{"line":10,"column":93}},"3":{"start":{"line":10,"column":17},"end":{"line":10,"column":72}}},"fnMap":{"0":{"name":"(anonymous_0)","decl":{"start":{"line":6,"column":3},"end":{"line":6,"column":11}},"loc":{"start":{"line":6,"column":17},"end":{"line":6,"column":58}},"line":6},"1":{"name":"(anonymous_1)","decl":{"start":{"line":10,"column":3},"end":{"line":10,"column":11}},"loc":{"start":{"line":10,"column":17},"end":{"line":10,"column":72}},"line":10}},"branchMap":{"0":{"loc":{"start":{"line":6,"column":17},"end":{"line":6,"column":58}},"type":"binary-expr","locations":[{"start":{"line":6,"column":17},"end":{"line":6,"column":32}},{"start":{"line":6,"column":36},"end":{"line":6,"column":58}}],"line":6},"1":{"loc":{"start":{"line":10,"column":17},"end":{"line":10,"column":72}},"type":"binary-expr","locations":[{"start":{"line":10,"column":17},"end":{"line":10,"column":30}},{"start":{"line":10,"column":30},"end":{"line":10,"column":45}},{"start":{"line":10,"column":49},"end":{"line":10,"column":72}}],"line":10}},"s":{"0":3,"1":31,"2":3,"3":26},"f":{"0":31,"1":26},"b":{"0":[31,27],"1":[26,13,11]},"meta":{"lastBranch":2,"lastFunction":2,"lastStatement":4,"seen":{"s:3:22:6:79":0,"f:6:3:6:11":0,"s:6:17:6:58":1,"b:6:17:6:32:6:36:6:58":0,"s:8:25:10:93":2,"f:10:3:10:11":1,"s:10:17:10:72":3,"b:10:17:10:30:10:30:10:45:10:49:10:72":1}}}
,"/Users/kcdrez/Documents/garden-ai/frontend/src/pages/auth/Login.tsx": {"path":"/Users/kcdrez/Documents/garden-ai/frontend/src/pages/auth/Login.tsx","statementMap":{"0":{"start":{"line":14,"column":8},"end":{"line":14,"column":32}},"1":{"start":{"line":15,"column":8},"end":{"line":19,"column":4}},"2":{"start":{"line":21,"column":19},"end":{"line":26,"column":null}},"3":{"start":{"line":22,"column":4},"end":{"line":26,"column":null}},"4":{"start":{"line":23,"column":6},"end":{"line":23,"column":null}},"5":{"start":{"line":24,"column":6},"end":{"line":24,"column":null}},"6":{"start":{"line":26,"column":6},"end":{"line":26,"column":null}},"7":{"start":{"line":30,"column":2},"end":{"line":53,"column":null}}},"fnMap":{"0":{"name":"Login","decl":{"start":{"line":13,"column":24},"end":{"line":13,"column":32}},"loc":{"start":{"line":13,"column":32},"end":{"line":53,"column":null}},"line":13},"1":{"name":"(anonymous_1)","decl":{"start":{"line":21,"column":19},"end":{"line":21,"column":26}},"loc":{"start":{"line":21,"column":54},"end":{"line":26,"column":null}},"line":21}},"branchMap":{"0":{"loc":{"start":{"line":39,"column":61},"end":{"line":39,"column":117}},"type":"binary-expr","locations":[{"start":{"line":39,"column":61},"end":{"line":39,"column":88}},{"start":{"line":39,"column":88},"end":{"line":39,"column":117}}],"line":39}},"s":{"0":28,"1":28,"2":28,"3":3,"4":3,"5":2,"6":1,"7":28},"f":{"0":28,"1":3},"b":{"0":[28,9]},"meta":{"lastBranch":1,"lastFunction":2,"lastStatement":8,"seen":{"f:13:24:13:32":0,"s:14:8:14:32":0,"s:15:8:19:4":1,"s:21:19:26:Infinity":2,"f:21:19:21:26":1,"s:22:4:26:Infinity":3,"s:23:6:23:Infinity":4,"s:24:6:24:Infinity":5,"s:26:6:26:Infinity":6,"s:30:2:53:Infinity":7,"b:39:61:39:88:39:88:39:117":0}}}
,"/Users/kcdrez/Documents/garden-ai/frontend/src/pages/auth/Register.tsx": {"path":"/Users/kcdrez/Documents/garden-ai/frontend/src/pages/auth/Register.tsx","statementMap":{"0":{"start":{"line":14,"column":8},"end":{"line":14,"column":32}},"1":{"start":{"line":15,"column":8},"end":{"line":19,"column":4}},"2":{"start":{"line":21,"column":19},"end":{"line":26,"column":null}},"3":{"start":{"line":22,"column":4},"end":{"line":26,"column":null}},"4":{"start":{"line":23,"column":6},"end":{"line":23,"column":null}},"5":{"start":{"line":24,"column":6},"end":{"line":24,"column":null}},"6":{"start":{"line":26,"column":6},"end":{"line":26,"column":null}},"7":{"start":{"line":30,"column":2},"end":{"line":55,"column":null}}},"fnMap":{"0":{"name":"Register","decl":{"start":{"line":13,"column":24},"end":{"line":13,"column":35}},"loc":{"start":{"line":13,"column":35},"end":{"line":55,"column":null}},"line":13},"1":{"name":"(anonymous_1)","decl":{"start":{"line":21,"column":19},"end":{"line":21,"column":26}},"loc":{"start":{"line":21,"column":57},"end":{"line":26,"column":null}},"line":21}},"branchMap":{"0":{"loc":{"start":{"line":23,"column":80},"end":{"line":23,"column":106}},"type":"binary-expr","locations":[{"start":{"line":23,"column":80},"end":{"line":23,"column":96}},{"start":{"line":23,"column":96},"end":{"line":23,"column":106}}],"line":23},"1":{"loc":{"start":{"line":41,"column":61},"end":{"line":41,"column":117}},"type":"binary-expr","locations":[{"start":{"line":41,"column":61},"end":{"line":41,"column":88}},{"start":{"line":41,"column":88},"end":{"line":41,"column":117}}],"line":41}},"s":{"0":46,"1":46,"2":46,"3":3,"4":3,"5":2,"6":1,"7":46},"f":{"0":46,"1":3},"b":{"0":[3,3],"1":[46,9]},"meta":{"lastBranch":2,"lastFunction":2,"lastStatement":8,"seen":{"f:13:24:13:35":0,"s:14:8:14:32":0,"s:15:8:19:4":1,"s:21:19:26:Infinity":2,"f:21:19:21:26":1,"s:22:4:26:Infinity":3,"s:23:6:23:Infinity":4,"b:23:80:23:96:23:96:23:106":0,"s:24:6:24:Infinity":5,"s:26:6:26:Infinity":6,"s:30:2:55:Infinity":7,"b:41:61:41:88:41:88:41:117":1}}}
,"/Users/kcdrez/Documents/garden-ai/frontend/src/pages/beds/AllBeds.tsx": {"path":"/Users/kcdrez/Documents/garden-ai/frontend/src/pages/beds/AllBeds.tsx","statementMap":{"0":{"start":{"line":14,"column":18},"end":{"line":14,"column":47}},"1":{"start":{"line":16,"column":38},"end":{"line":19,"column":4}},"2":{"start":{"line":21,"column":8},"end":{"line":21,"column":37}},"3":{"start":{"line":23,"column":2},"end":{"line":63,"column":null}},"4":{"start":{"line":27,"column":31},"end":{"line":27,"column":47}},"5":{"start":{"line":41,"column":12},"end":{"line":58,"column":null}},"6":{"start":{"line":55,"column":18},"end":{"line":55,"column":null}}},"fnMap":{"0":{"name":"AllBeds","decl":{"start":{"line":13,"column":24},"end":{"line":13,"column":34}},"loc":{"start":{"line":13,"column":34},"end":{"line":63,"column":null}},"line":13},"1":{"name":"(anonymous_1)","decl":{"start":{"line":27,"column":16},"end":{"line":27,"column":31}},"loc":{"start":{"line":27,"column":31},"end":{"line":27,"column":47}},"line":27},"2":{"name":"(anonymous_2)","decl":{"start":{"line":40,"column":19},"end":{"line":40,"column":24}},"loc":{"start":{"line":41,"column":12},"end":{"line":58,"column":null}},"line":41},"3":{"name":"(anonymous_3)","decl":{"start":{"line":54,"column":28},"end":{"line":54,"column":33}},"loc":{"start":{"line":55,"column":18},"end":{"line":55,"column":null}},"line":55}},"branchMap":{"0":{"loc":{"start":{"line":16,"column":16},"end":{"line":16,"column":25}},"type":"default-arg","locations":[{"start":{"line":16,"column":23},"end":{"line":16,"column":25}}],"line":16}},"s":{"0":7,"1":7,"2":7,"3":7,"4":1,"5":2,"6":3},"f":{"0":7,"1":1,"2":2,"3":3},"b":{"0":[7]},"meta":{"lastBranch":1,"lastFunction":4,"lastStatement":7,"seen":{"f:13:24:13:34":0,"s:14:18:14:47":0,"s:16:38:19:4":1,"b:16:23:16:25":0,"s:21:8:21:37":2,"s:23:2:63:Infinity":3,"f:27:16:27:31":1,"s:27:31:27:47":4,"f:40:19:40:24":2,"s:41:12:58:Infinity":5,"f:54:28:54:33":3,"s:55:18:55:Infinity":6}}}
,"/Users/kcdrez/Documents/garden-ai/frontend/src/pages/beds/BedDetail.tsx": {"path":"/Users/kcdrez/Documents/garden-ai/frontend/src/pages/beds/BedDetail.tsx","statementMap":{"0":{"start":{"line":21,"column":14},"end":{"line":21,"column":66}},"1":{"start":{"line":22,"column":8},"end":{"line":22,"column":32}},"2":{"start":{"line":23,"column":8},"end":{"line":23,"column":38}},"3":{"start":{"line":24,"column":19},"end":{"line":24,"column":49}},"4":{"start":{"line":29,"column":11},"end":{"line":41,"column":4}},"5":{"start":{"line":32,"column":4},"end":{"line":32,"column":33}},"6":{"start":{"line":34,"column":22},"end":{"line":34,"column":54}},"7":{"start":{"line":34,"column":39},"end":{"line":34,"column":54}},"8":{"start":{"line":36,"column":22},"end":{"line":36,"column":76}},"9":{"start":{"line":37,"column":6},"end":{"line":37,"column":null}},"10":{"start":{"line":37,"column":36},"end":{"line":37,"column":52}},"11":{"start":{"line":40,"column":6},"end":{"line":40,"column":null}},"12":{"start":{"line":46,"column":11},"end":{"line":57,"column":4}},"13":{"start":{"line":49,"column":4},"end":{"line":49,"column":47}},"14":{"start":{"line":52,"column":24},"end":{"line":52,"column":88}},"15":{"start":{"line":53,"column":6},"end":{"line":53,"column":null}},"16":{"start":{"line":53,"column":38},"end":{"line":53,"column":54}},"17":{"start":{"line":56,"column":6},"end":{"line":56,"column":null}},"18":{"start":{"line":59,"column":8},"end":{"line":65,"column":4}},"19":{"start":{"line":60,"column":4},"end":{"line":60,"column":44}},"20":{"start":{"line":62,"column":6},"end":{"line":62,"column":null}},"21":{"start":{"line":63,"column":6},"end":{"line":63,"column":null}},"22":{"start":{"line":67,"column":2},"end":{"line":67,"column":null}},"23":{"start":{"line":67,"column":18},"end":{"line":67,"column":null}},"24":{"start":{"line":68,"column":2},"end":{"line":68,"column":null}},"25":{"start":{"line":68,"column":16},"end":{"line":68,"column":null}},"26":{"start":{"line":69,"column":2},"end":{"line":69,"column":null}},"27":{"start":{"line":69,"column":12},"end":{"line":69,"column":null}},"28":{"start":{"line":71,"column":2},"end":{"line":126,"column":null}},"29":{"start":{"line":88,"column":63},"end":{"line":88,"column":80}},"30":{"start":{"line":96,"column":29},"end":{"line":96,"column":55}}},"fnMap":{"0":{"name":"BedDetail","decl":{"start":{"line":20,"column":24},"end":{"line":20,"column":36}},"loc":{"start":{"line":20,"column":36},"end":{"line":126,"column":null}},"line":20},"1":{"name":"(anonymous_1)","decl":{"start":{"line":32,"column":4},"end":{"line":32,"column":19}},"loc":{"start":{"line":32,"column":4},"end":{"line":32,"column":33}},"line":32},"2":{"nam
[...]
,"/Users/kcdrez/Documents/garden-ai/frontend/src/pages/plants/PlantDetail.tsx": {"path":"/Users/kcdrez/Documents/garden-ai/frontend/src/pages/plants/PlantDetail.tsx","statementMap":{"0":{"start":{"line":20,"column":10},"end":{"line":20,"column":54}},"1":{"start":{"line":21,"column":8},"end":{"line":21,"column":32}},"2":{"start":{"line":22,"column":8},"end":{"line":22,"column":38}},"3":{"start":{"line":23,"column":8},"end":{"line":23,"column":30}},"4":{"start":{"line":24,"column":19},"end":{"line":24,"column":49}},"5":{"start":{"line":25,"column":19},"end":{"line":25,"column":49}},"6":{"start":{"line":27,"column":34},"end":{"line":37,"column":4}},"7":{"start":{"line":29,"column":4},"end":{"line":29,"column":43}},"8":{"start":{"line":32,"column":18},"end":{"line":32,"column":82}},"9":{"start":{"line":33,"column":6},"end":{"line":33,"column":null}},"10":{"start":{"line":33,"column":30},"end":{"line":33,"column":47}},"11":{"start":{"line":36,"column":6},"end":{"line":36,"column":null}},"12":{"start":{"line":39,"column":8},"end":{"line":45,"column":4}},"13":{"start":{"line":40,"column":4},"end":{"line":40,"column":77}},"14":{"start":{"line":42,"column":6},"end":{"line":42,"column":null}},"15":{"start":{"line":43,"column":6},"end":{"line":43,"column":null}},"16":{"start":{"line":48,"column":15},"end":{"line":51,"column":6}},"17":{"start":{"line":52,"column":4},"end":{"line":52,"column":null}},"18":{"start":{"line":52,"column":12},"end":{"line":52,"column":null}},"19":{"start":{"line":55,"column":2},"end":{"line":55,"column":null}},"20":{"start":{"line":55,"column":17},"end":{"line":55,"column":null}},"21":{"start":{"line":56,"column":2},"end":{"line":56,"column":null}},"22":{"start":{"line":56,"column":13},"end":{"line":56,"column":null}},"23":{"start":{"line":57,"column":2},"end":{"line":57,"column":null}},"24":{"start":{"line":57,"column":14},"end":{"line":57,"column":null}},"25":{"start":{"line":59,"column":24},"end":{"line":59,"column":null}},"26":{"start":{"line":59,"column":53},"end":{"line":59,"column":85}},"27":{"start":{"line":61,"column":2},"end":{"line":146,"column":null}},"28":{"start":{"line":90,"column":63},"end":{"line":90,"column":80}},"29":{"start":{"line":93,"column":63},"end":{"line":93,"column":80}}},"fnMap":{"0":{"name":"PlantDetail","decl":{"start":{"line":19,"column":24},"end":{"line":19,"column":38}},"loc":{"start":{"line":19,"column":38},"end":{"line":146,"column":null}},"line":19},"1":{"name":"(anonymous_1)","decl":{"start":{"line":29,"column":4},"end":{"line":29,"column":19}},"loc":{"start":{"line":29,"column":4},"end":{"line":29,"column":43}},"line":29},"2":{"name":"(anonymous_2)","decl":{"start":{"line":31,"column":4},"end":{"line":31,"column":23}},"loc":{"start":{"line":31,"column":23},"end":{"line":33,"column":null}},"line":31},"3":{"name":"(anonymous_3)","decl":{"start":{"line":33,"column":18},"end":{"line":33,"column":24}},"loc":{"start":{"line":33,"column":30},"end":{"line":33,"column":47}},"line":33},"4":{"name":"(anonymous_4)","decl":{"start":{"line":35,"column":4},"end":{"line":35,"column":null}},"loc":{"start":{"line":36,"column":6},"end":{"line":36,"column":null}},"line":36},"5":{"name":"(anonymous_5)","decl":{"start":{"line":40,"column":4},"end":{"line":40,"column":22}},"loc":{"start":{"line":40,"column":4},"end":{"line":40,"column":77}},"line":40},"6":{"name":"(anonymous_6)","decl":{"start":{"line":41,"column":4},"end":{"line":41,"column":21}},"loc":{"start":{"line":41,"column":21},"end":{"line":43,"column":null}},"line":41},"7":{"name":"handleDelete","decl":{"start":{"line":47,"column":17},"end":{"line":47,"column":32}},"loc":{"start":{"line":47,"column":32},"end":{"line":52,"column":null}},"line":47},"8":{"name":"(anonymous_8)","decl":{"start":{"line":59,"column":41},"end":{"line":59,"column":47}},"loc":{"start":{"line":59,"column":53},"end":{"line":59,"column":85}},"line":59},"9":{"name":"(anonymous_9)","decl":{"start":{"line":90,"column":48},"end":{"line":90,"column":63}},"loc":{"start":{"line":90,"column":63},"end":{"line":90,"column":80}},"line":90},"10":{"name":"(anonymous_10)","decl":{"start":{"line":93,"column":48},"end":{"line":93,"column":63}},"loc":{"start":{"line":93,"column":63},"end":{"line":93,"column":80}},"line":93}},"branchMap":{"0":{"loc":{"start":{"line":36,"column":6},"end":{"line":36,"column":null}},"type":"binary-expr","locations":[{"start":{"line":36,"column":6},"end":{"line":36,"column":77}},{"start":{"line":36,"column":77},"end":{"line":36,"column":null}}],"line":36},"1":{"loc":{"start":{"line":50,"column":42},"end":{"line":50,"column":87}},"type":"cond-expr","locations":[{"start":{"line":50,"column":59},"end":{"line":50,"column":84}},{"start":{"line":50,"column":84},"end":{"line":50,"column":87}}],"line":50},"2":{"loc":{"start":{"line":52,"column":4},"end":{"line":52,"column":null}},"type":"if","locations":[{"start":{"line":52,"column":4},"end":{"line":52,"column":null}},{"start":{},"end":{}}],"line":52},"3":{"loc":{"start":{"line":55,"column":2},"end":{"line":55,"column":null}},"type":"if","locations":[{"start":{"line":55,"column":2},"end":{"line":55,"column":null}},{"start":{},"end":{}}],"line":55},"4":{"loc":{"start":{"line":56,"column":2},"end":{"line":56,"column":null}},"type":"if","locations":[{"start":{"line":56,"column":2},"end":{"line":56,"column":null}},{"start":{},"end":{}}],"line":56},"5":{"loc":{"start":{"line":57,"column":2},"end":{"line":57,"column":null}},"type":"if","locations":[{"start":{"line":57,"column":2},"end":{"line":57,"column":null}},{"start":{},"end":{}}],"line":57},"6":{"loc":{"start":{"line":78,"column":15},"end":{"line":79,"column":null}},"type":"binary-expr","locations":[{"start":{"line":78,"column":15},"end":{"line":78,"column":null}},{"start":{"line":79,"column":16},"end":{"line":79,"column":null}}],"line":78},"7":{"loc":{"start":{"line":83,"column":13},"end":{"line":88,"column":null}},"type":"binary-expr","locations":[{"start":{"line":83,"column":13},"end":{"line":83,"column":null}},{"start":{"line":84,"column":14},"end":{"line":88,"column":null}}],"line":83},"8":{"loc":{"start":{"line":104,"column":15},"end":{"line":104,"column":null}},"type":"cond-expr","locations":[{"start":{"line":104,"column":42},"end":{"line":104,"column":56}},{"start":{"line":104,"column":56},"end":{"line":104,"column":null}}],"line":104},"9":{"loc":{"start":{"line":110,"column":8},"end":{"line":127,"column":null}},"type":"binary-expr","locations":[{"start":{"line":110,"column":8},"end":{"line":110,"column":27}},{"start":{"line":110,"column":27},"end":{"line":110,"column":null}},{"start":{"line":111,"column":8},"end":{"line":127,"column":null}}],"line":110},"10":{"loc":{"start":{"line":113,"column":13},"end":{"line":120,"column":19}},"type":"binary-expr","locations":[{"start":{"line":113,"column":13},"end":{"line":113,"column":null}},{"start":{"line":114,"column":14},"end":{"line":120,"column":19}}],"line":113},"11":{"loc":{"start":{"line":120,"column":13},"end":{"line":123,"column":null}},"type":"binary-expr","locations":[{"start":{"line":120,"column":13},"end":{"line":120,"column":null}},{"start":{"line":121,"column":14},"end":{"line":123,"column":null}}],"line":120}},"s":{"0":17,"1":17,"2":17,"3":17,"4":17,"5":17,"6":17,"7":9,"8":28,"9":28,"10":0,"11":0,"12":17,"13":2,"14":2,"15":2,"16":3,"17":3,"18":2,"19":17,"20":7,"21":10,"22":10,"23":10,"24":0,"25":10,"26":10,"27":17,"28":1,"29":1},"f":{"0":17,"1":9,"2":28,"3":0,"4":0,"5":2,"6":2,"7":3,"8":10,"9":1,"10":1},"b":{"0":[0,0],"1":[0,3],"2":[2,1],"3":[7,10],"4":[0,10],"5":[0,10],"6":[17,0],"7":[17,10],"8":[0,10],"9":[17,10,0],"10":[0,0],"11":[0,0]},"meta":{"lastBranch":12,"lastFunction":11,"lastStatement":30,"seen":{"f:19:24:19:38":0,"s:20:10:20:54":0,"s:21:8:21:32":1,"s:22:8:22:38":2,"s:23:8:23:30":3,"s:24:19:24:49":4,"s:25:19:25:49":5,"s:27:34:37:4":6,"f:29:4:29:19":1,"s:29:4:29:43":7,"f:31:4:31:23":2,"s:32:18:32:82":8,"s:33:6:33:Infinity":9,"f:33:18:33:24":3,"s:33:30:33:47":10,"f:35:4:35:Infinity":4,"s:36:6:36:Infinity":11,"b:36:6:36:77:36:77:36:Infinity":0,"s:39:8:45:4":12,"f:40:4:40:22":5,"s:40:4:40:77":13,"f:41:4:41:21":6,"s:42:6:42:Infinity":14,"s:43:6:43:Infinity":15,"f:47:17:47:32":7,"s:48:15:51:6":16,"b:50:59:50:84:50:84:50:87":1,"b:52:4:52:Infinity:undefined:undefined:undefined:undefined":2,"s:52:4:52:Infinity":17,"s:52:12:52:Infinity":18,"b:55:2:55:Infinity:undefined:undefined:undefined:undefined":3,"s:55:2:55:Infinity":19,"s:55:17:55:Infinity":20,"b:56:2:56:Infinity:undefined:undefined:undefined:undefined":4,"s:56:2:56:Infinity":21,"s:56:13:56:Infinity":22,"b:57:2:57:Infinity:undefined:undefined:undefined:undefined":5,"s:57:2:57:Infinity":23,"s:57:14:57:Infinity":24,"s:59:24:59:Infinity":25,"f:59:41:59:47":8,"s:59:53:59:85":26,"s:61:2:146:Infinity":27,"b:78:15:78:Infinity:79:16:79:Infinity":6,"b:83:13:83:Infinity:84:14:88:Infinity":7,"f:90:48:90:63":9,"s:90:63:90:80":28,"f:93:48:93:63":10,"s:93:63:93:80":29,"b:104:42:104:56:104:56:104:Infinity":8,"b:110:8:110:27:110:27:110:Infinity:111:8:127:Infinity":9,"b:113:13:113:Infinity:114:14:120:19":10,"b:120:13:120:Infinity:121:14:123:Infinity":11}}}
,"/Users/kcdrez/Documents/garden-ai/frontend/src/schemas/auth.ts": {"path":"/Users/kcdrez/Documents/garden-ai/frontend/src/schemas/auth.ts","statementMap":{"0":{"start":{"line":3,"column":27},"end":{"line":6,"column":2}},"1":{"start":{"line":10,"column":30},"end":{"line":20,"column":4}},"2":{"start":{"line":17,"column":20},"end":{"line":17,"column":61}}},"fnMap":{"0":{"name":"(anonymous_0)","decl":{"start":{"line":17,"column":3},"end":{"line":17,"column":11}},"loc":{"start":{"line":17,"column":20},"end":{"line":17,"column":61}},"line":17}},"branchMap":{},"s":{"0":3,"1":3,"2":141},"f":{"0":141},"b":{},"meta":{"lastBranch":0,"lastFunction":1,"lastStatement":3,"seen":{"s:3:27:6:2":0,"s:10:30:20:4":1,"f:17:3:17:11":0,"s:17:20:17:61":2}}}
,"/Users/kcdrez/Documents/garden-ai/frontend/src/schemas/beds.ts": {"path":"/Users/kcdrez/Documents/garden-ai/frontend/src/schemas/beds.ts","statementMap":{"0":{"start":{"line":5,"column":22},"end":{"line":5,"column":51}},"1":{"start":{"line":5,"column":43},"end":{"line":5,"column":51}},"2":{"start":{"line":6,"column":24},"end":{"line":6,"column":55}},"3":{"start":{"line":6,"column":47},"end":{"line":6,"column":55}},"4":{"start":{"line":8,"column":27},"end":{"line":8,"column":null}},"5":{"start":{"line":9,"column":20},"end":{"line":13,"column":null}},"6":{"start":{"line":12,"column":11},"end":{"line":12,"column":null}},"7":{"start":{"line":16,"column":25},"end":{"line":27,"column":2}},"8":{"start":{"line":31,"column":30},"end":{"line":37,"column":2}}},"fnMap":{"0":{"name":"(anonymous_0)","decl":{"start":{"line":5,"column":32},"end":{"line":5,"column":37}},"loc":{"start":{"line":5,"column":43},"end":{"line":5,"column":51}},"line":5},"1":{"name":"(anonymous_1)","decl":{"start":{"line":6,"column":36},"end":{"line":6,"column":41}},"loc":{"start":{"line":6,"column":47},"end":{"line":6,"column":55}},"line":6},"2":{"name":"(anonymous_2)","decl":{"start":{"line":11,"column":3},"end":{"line":11,"column":null}},"loc":{"start":{"line":12,"column":11},"end":{"line":12,"column":null}},"line":12}},"branchMap":{"0":{"loc":{"start":{"line":12,"column":11},"end":{"line":12,"column":null}},"type":"binary-expr","locations":[{"start":{"line":12,"column":11},"end":{"line":12,"column":24}},{"start":{"line":12,"column":24},"end":{"line":12,"column":39}},{"start":{"line":12,"column":43},"end":{"line":12,"column":null}}],"line":12}},"s":{"0":1,"1":4,"2":1,"3":8,"4":1,"5":1,"6":10,"7":1,"8":1},"f":{"0":4,"1":8,"2":10},"b":{"0":[10,3,3]},"meta":{"lastBranch":1,"lastFunction":3,"lastStatement":9,"seen":{"s:5:22:5:51":0,"f:5:32:5:37":0,"s:5:43:5:51":1,"s:6:24:6:55":2,"f:6:36:6:41":1,"s:6:47:6:55":3,"s:8:27:8:Infinity":4,"s:9:20:13:Infinity":5,"f:11:3:11:Infinity":2,"s:12:11:12:Infinity":6,"b:12:11:12:24:12:24:12:39:12:43:12:Infinity":0,"s:16:25:27:2":7,"s:31:30:37:2":8}}}
,"/Users/kcdrez/Documents/garden-ai/frontend/src/schemas/gardens.ts": {"path":"/Users/kcdrez/Documents/garden-ai/frontend/src/schemas/gardens.ts","statementMap":{"0":{"start":{"line":5,"column":22},"end":{"line":5,"column":51}},"1":{"start":{"line":5,"column":43},"end":{"line":5,"column":51}},"2":{"start":{"line":7,"column":28},"end":{"line":13,"column":2}}},"fnMap":{"0":{"name":"(anonymous_0)","decl":{"start":{"line":5,"column":32},"end":{"line":5,"column":37}},"loc":{"start":{"line":5,"column":43},"end":{"line":5,"column":51}},"line":5}},"branchMap":{},"s":{"0":1,"1":4,"2":1},"f":{"0":4},"b":{},"meta":{"lastBranch":0,"lastFunction":1,"lastStatement":3,"seen":{"s:5:22:5:51":0,"f:5:32:5:37":0,"s:5:43:5:51":1,"s:7:28:13:2":2}}}
,"/Users/kcdrez/Documents/garden-ai/frontend/src/schemas/plants.ts": {"path":"/Users/kcdrez/Documents/garden-ai/frontend/src/schemas/plants.ts","statementMap":{"0":{"start":{"line":5,"column":21},"end":{"line":5,"column":58}},"1":{"start":{"line":5,"column":50},"end":{"line":5,"column":58}},"2":{"start":{"line":6,"column":30},"end":{"line":6,"column":65}},"3":{"start":{"line":6,"column":57},"end":{"line":6,"column":65}},"4":{"start":{"line":8,"column":31},"end":{"line":16,"column":2}},"5":{"start":{"line":20,"column":33},"end":{"line":32,"column":null}},"6":{"start":{"line":26,"column":2},"end":{"line":27,"column":null}},"7":{"start":{"line":27,"column":4},"end":{"line":27,"column":null}},"8":{"start":{"line":29,"column":2},"end":{"line":30,"column":null}},"9":{"start":{"line":30,"column":4},"end":{"line":30,"column":null}}},"fnMap":{"0":{"name":"(anonymous_0)","decl":{"start":{"line":5,"column":41},"end":{"line":5,"column":45}},"loc":{"start":{"line":5,"column":50},"end":{"line":5,"column":58}},"line":5},"1":{"name":"(anonymous_1)","decl":{"start":{"line":6,"column":48},"end":{"line":6,"column":52}},"loc":{"start":{"line":6,"column":57},"end":{"line":6,"column":65}},"line":6},"2":{"name":"(anonymous_2)","decl":{"start":{"line":25,"column":3},"end":{"line":25,"column":16}},"loc":{"start":{"line":25,"column":30},"end":{"line":32,"column":null}},"line":25}},"branchMap":{"0":{"loc":{"start":{"line":26,"column":2},"end":{"line":27,"column":null}},"type":"if","locations":[{"start":{"line":26,"column":2},"end":{"line":27,"column":null}},{"start":{},"end":{}}],"line":26},"1":{"loc":{"start":{"line":26,"column":6},"end":{"line":26,"column":62}},"type":"binary-expr","locations":[{"start":{"line":26,"column":6},"end":{"line":26,"column":39}},{"start":{"line":26,"column":39},"end":{"line":26,"column":62}}],"line":26},"2":{"loc":{"start":{"line":29,"column":2},"end":{"line":30,"column":null}},"type":"if","locations":[{"start":{"line":29,"column":2},"end":{"line":30,"column":null}},{"start":{},"end":{}}],"line":29},"3":{"loc":{"start":{"line":29,"column":6},"end":{"line":29,"column":57}},"type":"binary-expr","locations":[{"start":{"line":29,"column":6},"end":{"line":29,"column":39}},{"start":{"line":29,"column":39},"end":{"line":29,"column":57}}],"line":29}},"s":{"0":1,"1":6,"2":1,"3":6,"4":1,"5":1,"6":4,"7":0,"8":4,"9":1},"f":{"0":6,"1":6,"2":4},"b":{"0":[0,4],"1":[4,1],"2":[1,3],"3":[4,3]},"meta":{"lastBranch":4,"lastFunction":3,"lastStatement":10,"seen":{"s:5:21:5:58":0,"f:5:41:5:45":0,"s:5:50:5:58":1,"s:6:30:6:65":2,"f:6:48:6:52":1,"s:6:57:6:65":3,"s:8:31:16:2":4,"s:20:33:32:Infinity":5,"f:25:3:25:16":2,"b:26:2:27:Infinity:undefined:undefined:undefined:undefined":0,"s:26:2:27:Infinity":6,"b:26:6:26:39:26:39:26:62":1,"s:27:4:27:Infinity":7,"b:29:2:30:Infinity:undefined:undefined:undefined:undefined":2,"s:29:2:30:Infinity":8,"b:29:6:29:39:29:39:29:57":3,"s:30:4:30:Infinity":9}}}
,"/Users/kcdrez/Documents/garden-ai/frontend/src/test/fixtures.ts": {"path":"/Users/kcdrez/Documents/garden-ai/frontend/src/test/fixtures.ts","statementMap":{"0":{"start":{"line":4,"column":34},"end":{"line":15,"column":null}},"1":{"start":{"line":17,"column":34},"end":{"line":33,"column":null}},"2":{"start":{"line":35,"column":40},"end":{"line":51,"column":null}},"3":{"start":{"line":53,"column":37},"end":{"line":63,"column":null}}},"fnMap":{},"branchMap":{},"s":{"0":6,"1":6,"2":6,"3":6},"f":{},"b":{},"meta":{"lastBranch":0,"lastFunction":0,"lastStatement":4,"seen":{"s:4:34:15:Infinity":0,"s:17:34:33:Infinity":1,"s:35:40:51:Infinity":2,"s:53:37:63:Infinity":3}}}
,"/Users/kcdrez/Documents/garden-ai/frontend/src/test/test-utils.tsx": {"path":"/Users/kcdrez/Documents/garden-ai/frontend/src/test/test-utils.tsx","statementMap":{"0":{"start":{"line":7,"column":2},"end":{"line":12,"column":null}},"1":{"start":{"line":16,"column":2},"end":{"line":19,"column":null}},"2":{"start":{"line":24,"column":2},"end":{"line":24,"column":null}}},"fnMap":{"0":{"name":"makeQueryClient","decl":{"start":{"line":6,"column":9},"end":{"line":6,"column":27}},"loc":{"start":{"line":6,"column":27},"end":{"line":12,"column":null}},"line":6},"1":{"name":"AllProviders","decl":{"start":{"line":15,"column":9},"end":{"line":15,"column":22}},"loc":{"start":{"line":15,"column":67},"end":{"line":19,"column":null}},"line":15},"2":{"name":"renderWithProviders","decl":{"start":{"line":23,"column":9},"end":{"line":23,"column":29}},"loc":{"start":{"line":23,"column":89},"end":{"line":24,"column":null}},"line":23}},"branchMap":{},"s":{"0":48,"1":49,"2":47},"f":{"0":48,"1":49,"2":47},"b":{},"meta":{"lastBranch":0,"lastFunction":3,"lastStatement":3,"seen":{"f:6:9:6:27":0,"s:7:2:12:Infinity":0,"f:15:9:15:22":1,"s:16:2:19:Infinity":1,"f:23:9:23:29":2,"s:24:2:24:Infinity":2}}}
,"/Users/kcdrez/Documents/garden-ai/frontend/src/types/gardens.ts": {"path":"/Users/kcdrez/Documents/garden-ai/frontend/src/types/gardens.ts","statementMap":{"0":{"start":{"line":14,"column":25},"end":{"line":19,"column":null}},"1":{"start":{"line":23,"column":27},"end":{"line":32,"column":null}}},"fnMap":{},"branchMap":{},"s":{"0":4,"1":4},"f":{},"b":{},"meta":{"lastBranch":0,"lastFunction":0,"lastStatement":2,"seen":{"s:14:25:19:Infinity":0,"s:23:27:32:Infinity":1}}}
,"/Users/kcdrez/Documents/garden-ai/frontend/src/types/plants.ts": {"path":"/Users/kcdrez/Documents/garden-ai/frontend/src/types/plants.ts","statementMap":{"0":{"start":{"line":65,"column":75},"end":{"line":71,"column":null}},"1":{"start":{"line":73,"column":80},"end":{"line":80,"column":null}},"2":{"start":{"line":82,"column":78},"end":{"line":89,"column":null}}},"fnMap":{},"branchMap":{},"s":{"0":2,"1":2,"2":2},"f":{},"b":{},"meta":{"lastBranch":0,"lastFunction":0,"lastStatement":3,"seen":{"s:65:75:71:Infinity":0,"s:73:80:80:Infinity":1,"s:82:78:89:Infinity":2}}}
}
